transformers library not found. FinBERT sentiment analysis will be disabled.
Loading Spoofer CSV: storage\data\raw_ticks\raw_ticks_dump_2026-03-06.csv
Symbols found in CSV: ['SRF', 'DRREDDY', 'BAJAJCON', 'ATGL', 'LT', 'MOTHERSON', 'TECHM', 'ADANITRANS', 'EICHERMOT', 'GUJGASLTD', 'BIRLACORPN', 'INDHOTEL', 'HAVELLS', 'MANKIND', 'TORNTPOWER', 'HAL', 'CROMPTON', 'RELIANCE', 'AMBUJACEM', 'KARURVYSYA', 'ASTRAL', 'KALPATPOWR', 'GRANULES', 'HDFCBANK', 'M&MFIN', 'KEC', 'HINDCOPPER', 'AUROPHARMA', 'CSBBANK', 'CYIENT', 'NIFTY AUTO', 'HINDPETRO', 'POLICYBZR', 'PFIZER', 'ANGELONE', 'GODREJCP', 'MOTILALOFS', 'IDEA', 'CEATLTD', 'NIFTY IT', 'DCBBANK', 'RVNL', 'TATACONSUM', 'SBILIFE', 'MGL', 'NIFTY PHARMA', 'ICICIGI', 'HEROMOTOCO', 'CESC', 'MAZDOCK', 'EXIDEIND', 'BALKRISIND', 'NTPC', 'SBICARD', 'WELCORP', 'CUMMINSIND', 'HDFCAMC', 'EMAMILTD', 'BAJFINANCE', 'IOC', 'NIFTY FIN SERVICE', 'POWERGRID', 'INFY', 'TATAPOWER', 'ERIS', 'BATAINDIA', 'HDFCLIFE', 'SHRIRAMFIN', 'CONCOR', 'JSWINFRA', 'COFORGE', 'NIFTY FMCG', 'NATCOPHARM', 'ASIANPAINT', 'UBL', 'HUDCO', 'RAMCOCEM', 'ADANIPORTS', 'LTFH', 'JINDALSTEL', 'UJJIVANSFB', 'PETRONET', 'DMART', 'WIPRO', 'KOTAKBANK', 'ICICIPRULI', 'INDUSINDBK', 'PIIND', 'TATAMOTORS', 'KFINTECH', 'ELECON', 'CENTRALBK', 'NIFTY BANK', 'GRINDWELL', 'BANKBARODA', 'JYOTHYLAB', 'IRFC', 'KAYNES', 'VOLTAS', 'JUBLFOOD', 'METROPOLIS', 'BHARTIARTL', 'NYKAA', 'BIRLASOFT', 'BERGEPAINT', 'AJANTPHARM', 'JBCHEPHARM', 'PAGEIND', 'MUTHOOTFIN', 'EIH', 'BPCL', 'METROBRAND', 'CAMS', 'BHEL', 'TATAELXSI', 'AXISBANK', 'AIAENG', 'INDIANB', 'ALKEM', 'AMARAJABAT', 'LTIM', 'VBL', 'NHPC', 'RADICO', 'PFC', 'TITAN', 'MRF', 'SANOFI', 'NMDC', 'UNIONBANK', 'TATASTEEL', 'APOLLOHOSP', 'LALPATHLAB', 'RATNAMANI', 'CIPLA', 'TATACOMM', 'SHREECEM', 'M&M', 'ITC', 'GLENMARK', 'YESBANK', 'NIFTY METAL', 'SOUTHBANK', 'ZYDUSLIFE', 'LAURUSLABS', 'BIOCON', 'TRENT', 'ESCORTS', 'PNB', 'ASHOKLEY', 'OFSS', 'BAJAJ-AUTO', 'ADANIGREEN', 'MCX', 'ABB', 'POLYCAB', 'CDSL', 'THERMAX', 'MCDOWELL', 'JKCEMENT', 'MFSL', 'TANLA', 'NIFTY CONSUMPTION', 'WHIRLPOOL', 'SUNPHARMA', 'RECLTD', 'ROUTE', 'SAIL', 'AARTIIND', 'TCS', 'JSWENERGY', 'DABUR', 'APLAPOLLO', 'BHARATFORG', 'GAIL', 'TVSMOTOR', 'NAUKRI', 'TATACHEM', 'HONAUT', 'BEL', 'TIINDIA', 'MAHINDCIE', 'MARUTI', 'BSE', 'LICIHSGFIN', 'CHOLAFIN', 'COALINDIA', 'NATIONALUM', 'RBLBANK', 'ONGC', 'DALBHARAT', 'RELAXO', 'NIFTY INFRA', 'MANAPPURAM', 'ICICIBANK', 'KPITTECH', 'PNBHOUSING', 'LICI', 'PIDILITIND', 'NIFTY ENERGY', 'VEDL', 'SJVN', 'ADANIENT', 'HINDUNILVR', 'IDFCFIRSTB', 'TORNTPHARM', 'LUPIN', 'IRCTC', 'COLPAL', 'SUZLON', 'EQUITASBNK', 'GSPL', 'PGHH', 'ACC', 'VEDANTFASH', 'GODREJIND', 'MOIL', 'IGL', 'LTTS', 'HINDALCO', 'IPCA', 'ZOMATO', 'MPHASIS', 'JSWSTEEL', 'ABCAPITAL', 'NIACL', 'POONAWALLA', 'FEDERALBNK', 'DEEPAKNTR', 'INTELLECT', 'PERSISTENT', 'SIEMENS', 'DEVYANI', 'MASTEK', 'BHARAT', 'CANFINHOME', 'HEIDELBERG', 'NIFTY SERV SECTOR', 'INDIACEM', 'ULTRACEMCO', 'BANDHANBNK', 'SBIN', 'JKBANK', 'APOLLOTYRE', 'HCLTECH', 'AUBANK', 'NIFTY MULTI INFRA', 'SHOPERSTOP', 'PAYTM', 'DIXON', 'MARICO', 'SUNDRMFAST', 'ZYDUSWELL', 'BRITANNIA', 'BOSCHLTD', 'NESTLEIND', 'DIVISLAB', 'BAJAJFINSV', 'CANBK', 'MAHABANK', 'DELHIVERY']
Warming up brick sizes...
Pre-loading historical buffers...
2026-03-09 21:15:30,752 [INFO] [ExecutionGuard] Warming up 273 symbols...
2026-03-09 21:15:30,845 [INFO] [WarmupSplicer] SRF: loaded 100 warmup bricks (newest: 2026-03-05 15:16:00+05:30)
2026-03-09 21:15:30,899 [INFO] [WarmupSplicer] DRREDDY: loaded 100 warmup bricks (newest: 2026-03-05 15:29:00+05:30)
2026-03-09 21:15:31,022 [INFO] [WarmupSplicer] BAJAJCON: loaded 100 warmup bricks (newest: 2026-03-05 15:21:00+05:30)
2026-03-09 21:15:31,217 [INFO] [WarmupSplicer] ATGL: loaded 100 warmup bricks (newest: 2026-03-05 15:17:00+05:30)
2026-03-09 21:15:31,254 [INFO] [WarmupSplicer] LT: loaded 100 warmup bricks (newest: 2026-03-05 15:12:00+05:30)
2026-03-09 21:15:31,348 [INFO] [WarmupSplicer] MOTHERSON: loaded 100 warmup bricks (newest: 2026-03-05 15:17:00+05:30)
2026-03-09 21:15:31,411 [INFO] [WarmupSplicer] TECHM: loaded 100 warmup bricks (newest: 2026-03-05 15:10:00+05:30)
2026-03-09 21:15:31,650 [INFO] [WarmupSplicer] ADANITRANS: loaded 100 warmup bricks (newest: 2026-03-05 15:29:00+05:30)
2026-03-09 21:15:31,716 [INFO] [WarmupSplicer] EICHERMOT: loaded 100 warmup bricks (newest: 2026-03-05 15:21:00+05:30)
2026-03-09 21:15:31,806 [INFO] [WarmupSplicer] GUJGASLTD: loaded 100 warmup bricks (newest: 2026-03-05 15:29:00+05:30)
2026-03-09 21:15:31,934 [INFO] [WarmupSplicer] BIRLACORPN: loaded 100 warmup bricks (newest: 2026-03-05 15:29:00+05:30)
2026-03-09 21:15:32,017 [INFO] [WarmupSplicer] INDHOTEL: loaded 100 warmup bricks (newest: 2026-03-05 15:21:00+05:30)
2026-03-09 21:15:32,076 [INFO] [WarmupSplicer] HAVELLS: loaded 100 warmup bricks (newest: 2026-03-05 15:13:00+05:30)
2026-03-09 21:15:32,153 [INFO] [WarmupSplicer] MANKIND: loaded 100 warmup bricks (newest: 2026-03-05 15:29:00+05:30)
2026-03-09 21:15:32,277 [INFO] [WarmupSplicer] TORNTPOWER: loaded 100 warmup bricks (newest: 2026-03-05 15:23:00+05:30)
2026-03-09 21:15:32,368 [INFO] [WarmupSplicer] HAL: loaded 100 warmup bricks (newest: 2026-03-05 14:40:00+05:30)
2026-03-09 21:15:32,452 [INFO] [WarmupSplicer] CROMPTON: loaded 100 warmup bricks (newest: 2026-03-05 14:50:00+05:30)
2026-03-09 21:15:32,492 [INFO] [WarmupSplicer] RELIANCE: loaded 100 warmup bricks (newest: 2026-03-05 15:26:00+05:30)
2026-03-09 21:15:32,583 [INFO] [WarmupSplicer] AMBUJACEM: loaded 100 warmup bricks (newest: 2026-03-05 15:11:00+05:30)
2026-03-09 21:15:32,724 [INFO] [WarmupSplicer] KARURVYSYA: loaded 100 warmup bricks (newest: 2026-03-05 15:29:00+05:30)
2026-03-09 21:15:32,813 [INFO] [WarmupSplicer] ASTRAL: loaded 100 warmup bricks (newest: 2026-03-05 14:52:00+05:30)
2026-03-09 21:15:32,963 [INFO] [WarmupSplicer] KALPATPOWR: loaded 100 warmup bricks (newest: 2026-03-05 15:29:00+05:30)
2026-03-09 21:15:33,071 [INFO] [WarmupSplicer] GRANULES: loaded 100 warmup bricks (newest: 2026-03-05 15:19:00+05:30)
2026-03-09 21:15:33,109 [INFO] [WarmupSplicer] HDFCBANK: loaded 100 warmup bricks (newest: 2026-03-05 15:18:00+05:30)
2026-03-09 21:15:33,209 [INFO] [WarmupSplicer] M&MFIN: loaded 100 warmup bricks (newest: 2026-03-05 15:14:00+05:30)
2026-03-09 21:15:33,341 [INFO] [WarmupSplicer] KEC: loaded 100 warmup bricks (newest: 2026-03-05 15:26:00+05:30)
2026-03-09 21:15:33,483 [INFO] [WarmupSplicer] HINDCOPPER: loaded 100 warmup bricks (newest: 2026-03-05 15:25:00+05:30)
2026-03-09 21:15:33,570 [INFO] [WarmupSplicer] AUROPHARMA: loaded 100 warmup bricks (newest: 2026-03-05 15:27:00+05:30)
2026-03-09 21:15:33,707 [INFO] [WarmupSplicer] CSBBANK: loaded 100 warmup bricks (newest: 2026-03-05 15:26:00+05:30)
2026-03-09 21:15:33,828 [INFO] [WarmupSplicer] CYIENT: loaded 100 warmup bricks (newest: 2026-03-05 15:29:00+05:30)
2026-03-09 21:15:33,835 [WARNING] [WarmupSplicer] No feature parquet for NIFTY AUTO
2026-03-09 21:15:33,939 [INFO] [WarmupSplicer] HINDPETRO: loaded 100 warmup bricks (newest: 2026-03-05 15:28:00+05:30)
2026-03-09 21:15:34,129 [INFO] [WarmupSplicer] POLICYBZR: loaded 100 warmup bricks (newest: 2026-03-05 15:14:00+05:30)
2026-03-09 21:15:34,215 [INFO] [WarmupSplicer] PFIZER: loaded 100 warmup bricks (newest: 2026-03-05 15:26:00+05:30)
2026-03-09 21:15:34,387 [INFO] [WarmupSplicer] ANGELONE: loaded 100 warmup bricks (newest: 2026-03-05 15:21:00+05:30)
2026-03-09 21:15:34,467 [INFO] [WarmupSplicer] GODREJCP: loaded 100 warmup bricks (newest: 2026-03-05 15:29:00+05:30)
2026-03-09 21:15:34,628 [INFO] [WarmupSplicer] MOTILALOFS: loaded 100 warmup bricks (newest: 2026-03-05 15:21:00+05:30)
2026-03-09 21:15:35,792 [INFO] [WarmupSplicer] IDEA: loaded 100 warmup bricks (newest: 2026-03-05 15:25:00+05:30)
2026-03-09 21:15:36,006 [INFO] [WarmupSplicer] CEATLTD: loaded 100 warmup bricks (newest: 2026-03-05 15:20:00+05:30)
2026-03-09 21:15:36,013 [WARNING] [WarmupSplicer] No feature parquet for NIFTY IT
2026-03-09 21:15:36,128 [INFO] [WarmupSplicer] DCBBANK: loaded 100 warmup bricks (newest: 2026-03-05 15:28:00+05:30)
2026-03-09 21:15:36,329 [INFO] [WarmupSplicer] RVNL: loaded 100 warmup bricks (newest: 2026-03-05 15:28:00+05:30)
2026-03-09 21:15:36,392 [INFO] [WarmupSplicer] TATACONSUM: loaded 100 warmup bricks (newest: 2026-03-05 15:03:00+05:30)
2026-03-09 21:15:36,451 [INFO] [WarmupSplicer] SBILIFE: loaded 100 warmup bricks (newest: 2026-03-05 15:00:00+05:30)
2026-03-09 21:15:36,541 [INFO] [WarmupSplicer] MGL: loaded 100 warmup bricks (newest: 2026-03-05 15:08:00+05:30)
2026-03-09 21:15:36,547 [WARNING] [WarmupSplicer] No feature parquet for NIFTY PHARMA
2026-03-09 21:15:36,614 [INFO] [WarmupSplicer] ICICIGI: loaded 100 warmup bricks (newest: 2026-03-05 14:57:00+05:30)
2026-03-09 21:15:36,678 [INFO] [WarmupSplicer] HEROMOTOCO: loaded 100 warmup bricks (newest: 2026-03-05 15:12:00+05:30)
2026-03-09 21:15:36,785 [INFO] [WarmupSplicer] CESC: loaded 100 warmup bricks (newest: 2026-03-05 15:26:00+05:30)
2026-03-09 21:15:36,980 [INFO] [WarmupSplicer] MAZDOCK: loaded 100 warmup bricks (newest: 2026-03-05 15:25:00+05:30)
2026-03-09 21:15:37,064 [INFO] [WarmupSplicer] EXIDEIND: loaded 100 warmup bricks (newest: 2026-03-05 14:53:00+05:30)
2026-03-09 21:15:37,147 [INFO] [WarmupSplicer] BALKRISIND: loaded 100 warmup bricks (newest: 2026-03-05 15:29:00+05:30)
2026-03-09 21:15:37,238 [INFO] [WarmupSplicer] NTPC: loaded 100 warmup bricks (newest: 2026-03-05 15:02:00+05:30)
2026-03-09 21:15:37,299 [INFO] [WarmupSplicer] SBICARD: loaded 100 warmup bricks (newest: 2026-03-05 15:15:00+05:30)
2026-03-09 21:15:37,461 [INFO] [WarmupSplicer] WELCORP: loaded 100 warmup bricks (newest: 2026-03-05 15:29:00+05:30)
2026-03-09 21:15:37,551 [INFO] [WarmupSplicer] CUMMINSIND: loaded 100 warmup bricks (newest: 2026-03-05 15:06:00+05:30)
2026-03-09 21:15:37,629 [INFO] [WarmupSplicer] HDFCAMC: loaded 100 warmup bricks (newest: 2026-03-05 14:43:00+05:30)
2026-03-09 21:15:37,752 [INFO] [WarmupSplicer] EMAMILTD: loaded 100 warmup bricks (newest: 2026-03-05 15:26:00+05:30)
2026-03-09 21:15:37,809 [INFO] [WarmupSplicer] BAJFINANCE: loaded 100 warmup bricks (newest: 2026-03-05 15:12:00+05:30)
2026-03-09 21:15:37,885 [INFO] [WarmupSplicer] IOC: loaded 100 warmup bricks (newest: 2026-03-05 15:16:00+05:30)
2026-03-09 21:15:37,891 [WARNING] [WarmupSplicer] No feature parquet for NIFTY FIN SERVICE
2026-03-09 21:15:37,948 [INFO] [WarmupSplicer] POWERGRID: loaded 100 warmup bricks (newest: 2026-03-05 14:40:00+05:30)
2026-03-09 21:15:37,993 [INFO] [WarmupSplicer] INFY: loaded 100 warmup bricks (newest: 2026-03-05 15:13:00+05:30)
2026-03-09 21:15:38,067 [INFO] [WarmupSplicer] TATAPOWER: loaded 100 warmup bricks (newest: 2026-03-05 14:45:00+05:30)
2026-03-09 21:15:38,213 [INFO] [WarmupSplicer] ERIS: loaded 100 warmup bricks (newest: 2026-03-05 15:23:00+05:30)
2026-03-09 21:15:38,278 [INFO] [WarmupSplicer] BATAINDIA: loaded 100 warmup bricks (newest: 2026-03-05 14:51:00+05:30)
2026-03-09 21:15:38,336 [INFO] [WarmupSplicer] HDFCLIFE: loaded 100 warmup bricks (newest: 2026-03-05 15:29:00+05:30)
2026-03-09 21:15:38,434 [INFO] [WarmupSplicer] SHRIRAMFIN: loaded 100 warmup bricks (newest: 2026-03-05 15:13:00+05:30)
2026-03-09 21:15:38,517 [INFO] [WarmupSplicer] CONCOR: loaded 100 warmup bricks (newest: 2026-03-05 15:14:00+05:30)
2026-03-09 21:15:38,604 [INFO] [WarmupSplicer] JSWINFRA: loaded 100 warmup bricks (newest: 2026-03-05 15:29:00+05:30)
2026-03-09 21:15:38,694 [INFO] [WarmupSplicer] COFORGE: loaded 100 warmup bricks (newest: 2026-03-05 15:02:00+05:30)
2026-03-09 21:15:38,700 [WARNING] [WarmupSplicer] No feature parquet for NIFTY FMCG
2026-03-09 21:15:38,803 [INFO] [WarmupSplicer] NATCOPHARM: loaded 100 warmup bricks (newest: 2026-03-05 15:25:00+05:30)
2026-03-09 21:15:38,829 [INFO] [WarmupSplicer] ASIANPAINT: loaded 100 warmup bricks (newest: 2026-03-05 15:12:00+05:30)
2026-03-09 21:15:38,904 [INFO] [WarmupSplicer] UBL: loaded 100 warmup bricks (newest: 2026-03-05 15:23:00+05:30)
2026-03-09 21:15:39,078 [INFO] [WarmupSplicer] HUDCO: loaded 100 warmup bricks (newest: 2026-03-05 15:12:00+05:30)
2026-03-09 21:15:39,169 [INFO] [WarmupSplicer] RAMCOCEM: loaded 100 warmup bricks (newest: 2026-03-05 15:17:00+05:30)
2026-03-09 21:15:39,266 [INFO] [WarmupSplicer] ADANIPORTS: loaded 100 warmup bricks (newest: 2026-03-05 15:28:00+05:30)
2026-03-09 21:15:39,360 [INFO] [WarmupSplicer] LTFH: loaded 100 warmup bricks (newest: 2026-03-05 15:26:00+05:30)
2026-03-09 21:15:39,508 [INFO] [WarmupSplicer] JINDALSTEL: loaded 100 warmup bricks (newest: 2026-03-05 15:19:00+05:30)
2026-03-09 21:15:39,718 [INFO] [WarmupSplicer] UJJIVANSFB: loaded 100 warmup bricks (newest: 2026-03-05 15:29:00+05:30)
2026-03-09 21:15:39,794 [INFO] [WarmupSplicer] PETRONET: loaded 100 warmup bricks (newest: 2026-03-05 15:24:00+05:30)
2026-03-09 21:15:39,818 [INFO] [WarmupSplicer] DMART: loaded 100 warmup bricks (newest: 2026-03-05 15:29:00+05:30)
2026-03-09 21:15:39,866 [INFO] [WarmupSplicer] WIPRO: loaded 100 warmup bricks (newest: 2026-03-05 14:53:00+05:30)
2026-03-09 21:15:39,911 [INFO] [WarmupSplicer] KOTAKBANK: loaded 100 warmup bricks (newest: 2026-03-05 15:22:00+05:30)
2026-03-09 21:15:39,990 [INFO] [WarmupSplicer] ICICIPRULI: loaded 100 warmup bricks (newest: 2026-03-05 15:29:00+05:30)
2026-03-09 21:15:40,063 [INFO] [WarmupSplicer] INDUSINDBK: loaded 100 warmup bricks (newest: 2026-03-05 15:11:00+05:30)
2026-03-09 21:15:40,142 [INFO] [WarmupSplicer] PIIND: loaded 100 warmup bricks (newest: 2026-03-05 15:29:00+05:30)
2026-03-09 21:15:40,203 [INFO] [WarmupSplicer] TATAMOTORS: loaded 100 warmup bricks (newest: 2026-03-05 15:17:00+05:30)
2026-03-09 21:15:40,344 [INFO] [WarmupSplicer] KFINTECH: loaded 100 warmup bricks (newest: 2026-03-05 15:20:00+05:30)
2026-03-09 21:15:40,547 [INFO] [WarmupSplicer] ELECON: loaded 100 warmup bricks (newest: 2026-03-05 15:29:00+05:30)
2026-03-09 21:15:40,763 [INFO] [WarmupSplicer] CENTRALBK: loaded 100 warmup bricks (newest: 2026-03-05 15:27:00+05:30)
2026-03-09 21:15:40,772 [WARNING] [WarmupSplicer] No feature parquet for NIFTY BANK
2026-03-09 21:15:40,893 [INFO] [WarmupSplicer] GRINDWELL: loaded 100 warmup bricks (newest: 2026-03-05 14:41:00+05:30)
2026-03-09 21:15:40,983 [INFO] [WarmupSplicer] BANKBARODA: loaded 100 warmup bricks (newest: 2026-03-05 15:29:00+05:30)
2026-03-09 21:15:41,120 [INFO] [WarmupSplicer] JYOTHYLAB: loaded 100 warmup bricks (newest: 2026-03-05 15:00:00+05:30)
2026-03-09 21:15:41,298 [INFO] [WarmupSplicer] IRFC: loaded 100 warmup bricks (newest: 2026-03-05 15:17:00+05:30)
2026-03-09 21:15:41,456 [INFO] [WarmupSplicer] KAYNES: loaded 100 warmup bricks (newest: 2026-03-05 15:21:00+05:30)
2026-03-09 21:15:41,539 [INFO] [WarmupSplicer] VOLTAS: loaded 100 warmup bricks (newest: 2026-03-05 15:14:00+05:30)
2026-03-09 21:15:41,608 [INFO] [WarmupSplicer] JUBLFOOD: loaded 100 warmup bricks (newest: 2026-03-05 15:29:00+05:30)
2026-03-09 21:15:41,722 [INFO] [WarmupSplicer] METROPOLIS: loaded 100 warmup bricks (newest: 2026-03-05 15:28:00+05:30)
2026-03-09 21:15:41,773 [INFO] [WarmupSplicer] BHARTIARTL: loaded 100 warmup bricks (newest: 2026-03-05 15:19:00+05:30)
2026-03-09 21:15:41,904 [INFO] [WarmupSplicer] NYKAA: loaded 100 warmup bricks (newest: 2026-03-05 14:53:00+05:30)
2026-03-09 21:15:42,156 [INFO] [WarmupSplicer] BIRLASOFT: loaded 100 warmup bricks (newest: 2026-03-05 15:29:00+05:30)
2026-03-09 21:15:42,190 [INFO] [WarmupSplicer] BERGEPAINT: loaded 100 warmup bricks (newest: 2026-03-05 15:06:00+05:30)
2026-03-09 21:15:42,316 [INFO] [WarmupSplicer] AJANTPHARM: loaded 100 warmup bricks (newest: 2026-03-05 15:29:00+05:30)
2026-03-09 21:15:42,427 [INFO] [WarmupSplicer] JBCHEPHARM: loaded 100 warmup bricks (newest: 2026-03-05 15:28:00+05:30)
2026-03-09 21:15:42,491 [INFO] [WarmupSplicer] PAGEIND: loaded 100 warmup bricks (newest: 2026-03-05 15:14:00+05:30)
2026-03-09 21:15:42,572 [INFO] [WarmupSplicer] MUTHOOTFIN: loaded 100 warmup bricks (newest: 2026-03-05 15:12:00+05:30)
2026-03-09 21:15:42,731 [INFO] [WarmupSplicer] EIH: loaded 100 warmup bricks (newest: 2026-03-05 15:29:00+05:30)
2026-03-09 21:15:42,812 [INFO] [WarmupSplicer] BPCL: loaded 100 warmup bricks (newest: 2026-03-05 15:29:00+05:30)
2026-03-09 21:15:42,981 [INFO] [WarmupSplicer] METROBRAND: loaded 100 warmup bricks (newest: 2026-03-05 15:29:00+05:30)
2026-03-09 21:15:43,081 [INFO] [WarmupSplicer] CAMS: loaded 100 warmup bricks (newest: 2026-03-05 15:29:00+05:30)
2026-03-09 21:15:43,208 [INFO] [WarmupSplicer] BHEL: loaded 100 warmup bricks (newest: 2026-03-05 15:12:00+05:30)
2026-03-09 21:15:43,293 [INFO] [WarmupSplicer] TATAELXSI: loaded 100 warmup bricks (newest: 2026-03-05 15:10:00+05:30)
2026-03-09 21:15:43,346 [INFO] [WarmupSplicer] AXISBANK: loaded 100 warmup bricks (newest: 2026-03-05 15:15:00+05:30)
2026-03-09 21:15:43,461 [INFO] [WarmupSplicer] AIAENG: loaded 100 warmup bricks (newest: 2026-03-05 15:19:00+05:30)
2026-03-09 21:15:43,584 [INFO] [WarmupSplicer] INDIANB: loaded 100 warmup bricks (newest: 2026-03-05 15:28:00+05:30)
2026-03-09 21:15:43,660 [INFO] [WarmupSplicer] ALKEM: loaded 100 warmup bricks (newest: 2026-03-05 14:51:00+05:30)
2026-03-09 21:15:43,765 [INFO] [WarmupSplicer] AMARAJABAT: loaded 100 warmup bricks (newest: 2026-03-05 14:51:00+05:30)
2026-03-09 21:15:43,839 [INFO] [WarmupSplicer] LTIM: loaded 100 warmup bricks (newest: 2026-03-05 15:17:00+05:30)
2026-03-09 21:15:43,963 [INFO] [WarmupSplicer] VBL: loaded 100 warmup bricks (newest: 2026-03-05 15:02:00+05:30)
2026-03-09 21:15:44,114 [INFO] [WarmupSplicer] NHPC: loaded 100 warmup bricks (newest: 2026-03-05 15:03:00+05:30)
2026-03-09 21:15:44,276 [INFO] [WarmupSplicer] RADICO: loaded 100 warmup bricks (newest: 2026-03-05 15:28:00+05:30)
2026-03-09 21:15:44,372 [INFO] [WarmupSplicer] PFC: loaded 100 warmup bricks (newest: 2026-03-05 15:25:00+05:30)
2026-03-09 21:15:44,423 [INFO] [WarmupSplicer] TITAN: loaded 100 warmup bricks (newest: 2026-03-05 15:12:00+05:30)
2026-03-09 21:15:44,471 [INFO] [WarmupSplicer] MRF: loaded 100 warmup bricks (newest: 2026-03-05 14:55:00+05:30)
2026-03-09 21:15:44,534 [INFO] [WarmupSplicer] SANOFI: loaded 100 warmup bricks (newest: 2026-03-05 11:50:00+05:30)
2026-03-09 21:15:44,614 [INFO] [WarmupSplicer] NMDC: loaded 100 warmup bricks (newest: 2026-03-05 15:11:00+05:30)
2026-03-09 21:15:44,763 [INFO] [WarmupSplicer] UNIONBANK: loaded 100 warmup bricks (newest: 2026-03-05 15:12:00+05:30)
2026-03-09 21:15:44,834 [INFO] [WarmupSplicer] TATASTEEL: loaded 100 warmup bricks (newest: 2026-03-05 15:13:00+05:30)
2026-03-09 21:15:44,905 [INFO] [WarmupSplicer] APOLLOHOSP: loaded 100 warmup bricks (newest: 2026-03-05 14:54:00+05:30)
2026-03-09 21:15:45,006 [INFO] [WarmupSplicer] LALPATHLAB: loaded 100 warmup bricks (newest: 2026-03-05 15:29:00+05:30)
2026-03-09 21:15:45,172 [INFO] [WarmupSplicer] RATNAMANI: loaded 100 warmup bricks (newest: 2026-03-05 15:21:00+05:30)
2026-03-09 21:15:45,230 [INFO] [WarmupSplicer] CIPLA: loaded 100 warmup bricks (newest: 2026-03-05 15:15:00+05:30)
2026-03-09 21:15:45,323 [INFO] [WarmupSplicer] TATACOMM: loaded 100 warmup bricks (newest: 2026-03-05 15:15:00+05:30)
2026-03-09 21:15:45,390 [INFO] [WarmupSplicer] SHREECEM: loaded 100 warmup bricks (newest: 2026-03-05 15:00:00+05:30)
2026-03-09 21:15:45,458 [INFO] [WarmupSplicer] M&M: loaded 100 warmup bricks (newest: 2026-03-05 15:11:00+05:30)
2026-03-09 21:15:45,500 [INFO] [WarmupSplicer] ITC: loaded 100 warmup bricks (newest: 2026-03-05 14:40:00+05:30)
2026-03-09 21:15:45,592 [INFO] [WarmupSplicer] GLENMARK: loaded 100 warmup bricks (newest: 2026-03-05 15:28:00+05:30)
2026-03-09 21:15:46,019 [INFO] [WarmupSplicer] YESBANK: loaded 100 warmup bricks (newest: 2026-03-05 14:55:00+05:30)
2026-03-09 21:15:46,036 [WARNING] [WarmupSplicer] No feature parquet for NIFTY METAL
2026-03-09 21:15:46,675 [INFO] [WarmupSplicer] SOUTHBANK: loaded 100 warmup bricks (newest: 2026-03-05 15:12:00+05:30)
2026-03-09 21:15:46,770 [INFO] [WarmupSplicer] ZYDUSLIFE: loaded 100 warmup bricks (newest: 2026-03-05 14:41:00+05:30)
2026-03-09 21:15:46,868 [INFO] [WarmupSplicer] LAURUSLABS: loaded 100 warmup bricks (newest: 2026-03-05 14:45:00+05:30)
2026-03-09 21:15:46,954 [INFO] [WarmupSplicer] BIOCON: loaded 100 warmup bricks (newest: 2026-03-05 15:24:00+05:30)
2026-03-09 21:15:47,052 [INFO] [WarmupSplicer] TRENT: loaded 100 warmup bricks (newest: 2026-03-05 15:04:00+05:30)
2026-03-09 21:15:47,137 [INFO] [WarmupSplicer] ESCORTS: loaded 100 warmup bricks (newest: 2026-03-05 15:29:00+05:30)
2026-03-09 21:15:47,239 [INFO] [WarmupSplicer] PNB: loaded 100 warmup bricks (newest: 2026-03-05 14:51:00+05:30)
2026-03-09 21:15:47,319 [INFO] [WarmupSplicer] ASHOKLEY: loaded 100 warmup bricks (newest: 2026-03-05 15:12:00+05:30)
2026-03-09 21:15:47,407 [INFO] [WarmupSplicer] OFSS: loaded 100 warmup bricks (newest: 2026-03-05 15:12:00+05:30)
2026-03-09 21:15:47,477 [INFO] [WarmupSplicer] BAJAJ-AUTO: loaded 100 warmup bricks (newest: 2026-03-05 15:14:00+05:30)
2026-03-09 21:15:47,675 [INFO] [WarmupSplicer] ADANIGREEN: loaded 100 warmup bricks (newest: 2026-03-05 15:10:00+05:30)
2026-03-09 21:15:47,834 [INFO] [WarmupSplicer] MCX: loaded 100 warmup bricks (newest: 2026-03-05 15:21:00+05:30)
2026-03-09 21:15:47,884 [INFO] [WarmupSplicer] ABB: loaded 100 warmup bricks (newest: 2026-03-05 15:12:00+05:30)
2026-03-09 21:15:47,968 [INFO] [WarmupSplicer] POLYCAB: loaded 100 warmup bricks (newest: 2026-03-05 15:28:00+05:30)
2026-03-09 21:15:48,097 [INFO] [WarmupSplicer] CDSL: loaded 100 warmup bricks (newest: 2026-03-05 14:52:00+05:30)
2026-03-09 21:15:48,233 [INFO] [WarmupSplicer] THERMAX: loaded 100 warmup bricks (newest: 2026-03-05 15:29:00+05:30)
2026-03-09 21:15:48,297 [INFO] [WarmupSplicer] MCDOWELL: loaded 100 warmup bricks (newest: 2026-03-05 15:29:00+05:30)
2026-03-09 21:15:48,393 [INFO] [WarmupSplicer] JKCEMENT: loaded 100 warmup bricks (newest: 2026-03-05 13:16:00+05:30)
2026-03-09 21:15:48,491 [INFO] [WarmupSplicer] MFSL: loaded 100 warmup bricks (newest: 2026-03-05 14:59:00+05:30)
2026-03-09 21:15:48,719 [INFO] [WarmupSplicer] TANLA: loaded 100 warmup bricks (newest: 2026-03-05 15:29:00+05:30)
2026-03-09 21:15:48,729 [WARNING] [WarmupSplicer] No feature parquet for NIFTY CONSUMPTION
2026-03-09 21:15:48,837 [INFO] [WarmupSplicer] WHIRLPOOL: loaded 100 warmup bricks (newest: 2026-03-05 15:25:00+05:30)
2026-03-09 21:15:48,891 [INFO] [WarmupSplicer] SUNPHARMA: loaded 100 warmup bricks (newest: 2026-03-05 15:28:00+05:30)
2026-03-09 21:15:48,984 [INFO] [WarmupSplicer] RECLTD: loaded 100 warmup bricks (newest: 2026-03-05 15:25:00+05:30)
2026-03-09 21:15:49,101 [INFO] [WarmupSplicer] ROUTE: loaded 100 warmup bricks (newest: 2026-03-05 15:29:00+05:30)
2026-03-09 21:15:49,199 [INFO] [WarmupSplicer] SAIL: loaded 100 warmup bricks (newest: 2026-03-05 15:29:00+05:30)
2026-03-09 21:15:49,284 [INFO] [WarmupSplicer] AARTIIND: loaded 100 warmup bricks (newest: 2026-03-05 15:28:00+05:30)
2026-03-09 21:15:49,324 [INFO] [WarmupSplicer] TCS: loaded 100 warmup bricks (newest: 2026-03-05 15:14:00+05:30)
2026-03-09 21:15:49,551 [INFO] [WarmupSplicer] JSWENERGY: loaded 100 warmup bricks (newest: 2026-03-05 15:29:00+05:30)
2026-03-09 21:15:49,609 [INFO] [WarmupSplicer] DABUR: loaded 100 warmup bricks (newest: 2026-03-05 14:51:00+05:30)
2026-03-09 21:15:49,731 [INFO] [WarmupSplicer] APLAPOLLO: loaded 100 warmup bricks (newest: 2026-03-05 14:41:00+05:30)
2026-03-09 21:15:49,820 [INFO] [WarmupSplicer] BHARATFORG: loaded 100 warmup bricks (newest: 2026-03-05 15:29:00+05:30)
2026-03-09 21:15:49,905 [INFO] [WarmupSplicer] GAIL: loaded 100 warmup bricks (newest: 2026-03-05 15:20:00+05:30)
2026-03-09 21:15:49,981 [INFO] [WarmupSplicer] TVSMOTOR: loaded 100 warmup bricks (newest: 2026-03-05 15:14:00+05:30)
2026-03-09 21:15:50,091 [INFO] [WarmupSplicer] NAUKRI: loaded 100 warmup bricks (newest: 2026-03-05 15:28:00+05:30)
2026-03-09 21:15:50,171 [INFO] [WarmupSplicer] TATACHEM: loaded 100 warmup bricks (newest: 2026-03-05 15:25:00+05:30)
2026-03-09 21:15:50,252 [INFO] [WarmupSplicer] HONAUT: loaded 100 warmup bricks (newest: 2026-03-05 15:27:00+05:30)
2026-03-09 21:15:50,341 [INFO] [WarmupSplicer] BEL: loaded 100 warmup bricks (newest: 2026-03-05 15:25:00+05:30)
2026-03-09 21:15:50,513 [INFO] [WarmupSplicer] TIINDIA: loaded 100 warmup bricks (newest: 2026-03-05 15:29:00+05:30)
2026-03-09 21:15:50,679 [INFO] [WarmupSplicer] MAHINDCIE: loaded 100 warmup bricks (newest: 2026-03-05 15:29:00+05:30)
2026-03-09 21:15:50,732 [INFO] [WarmupSplicer] MARUTI: loaded 100 warmup bricks (newest: 2026-03-05 15:29:00+05:30)
2026-03-09 21:15:50,924 [INFO] [WarmupSplicer] BSE: loaded 100 warmup bricks (newest: 2026-03-05 15:02:00+05:30)
2026-03-09 21:15:51,020 [INFO] [WarmupSplicer] LICIHSGFIN: loaded 100 warmup bricks (newest: 2026-03-05 14:56:00+05:30)
2026-03-09 21:15:51,117 [INFO] [WarmupSplicer] CHOLAFIN: loaded 100 warmup bricks (newest: 2026-03-05 15:25:00+05:30)
2026-03-09 21:15:51,174 [INFO] [WarmupSplicer] COALINDIA: loaded 100 warmup bricks (newest: 2026-03-05 15:25:00+05:30)
2026-03-09 21:15:51,286 [INFO] [WarmupSplicer] NATIONALUM: loaded 100 warmup bricks (newest: 2026-03-05 15:28:00+05:30)
2026-03-09 21:15:51,423 [INFO] [WarmupSplicer] RBLBANK: loaded 100 warmup bricks (newest: 2026-03-05 15:16:00+05:30)
2026-03-09 21:15:51,499 [INFO] [WarmupSplicer] ONGC: loaded 100 warmup bricks (newest: 2026-03-05 15:15:00+05:30)
2026-03-09 21:15:51,594 [INFO] [WarmupSplicer] DALBHARAT: loaded 100 warmup bricks (newest: 2026-03-05 15:29:00+05:30)
2026-03-09 21:15:51,689 [INFO] [WarmupSplicer] RELAXO: loaded 100 warmup bricks (newest: 2026-03-05 15:24:00+05:30)
2026-03-09 21:15:51,697 [WARNING] [WarmupSplicer] No feature parquet for NIFTY INFRA
2026-03-09 21:15:51,815 [INFO] [WarmupSplicer] MANAPPURAM: loaded 100 warmup bricks (newest: 2026-03-05 15:12:00+05:30)
2026-03-09 21:15:51,862 [INFO] [WarmupSplicer] ICICIBANK: loaded 100 warmup bricks (newest: 2026-03-05 15:14:00+05:30)
2026-03-09 21:15:51,993 [INFO] [WarmupSplicer] KPITTECH: loaded 100 warmup bricks (newest: 2026-03-05 15:29:00+05:30)
2026-03-09 21:15:52,155 [INFO] [WarmupSplicer] PNBHOUSING: loaded 100 warmup bricks (newest: 2026-03-05 15:29:00+05:30)
2026-03-09 21:15:52,216 [INFO] [WarmupSplicer] LICI: loaded 100 warmup bricks (newest: 2026-03-05 14:54:00+05:30)
2026-03-09 21:15:52,247 [INFO] [WarmupSplicer] PIDILITIND: loaded 100 warmup bricks (newest: 2026-03-05 15:29:00+05:30)
2026-03-09 21:15:52,252 [WARNING] [WarmupSplicer] No feature parquet for NIFTY ENERGY
2026-03-09 21:15:52,325 [INFO] [WarmupSplicer] VEDL: loaded 100 warmup bricks (newest: 2026-03-05 15:29:00+05:30)
2026-03-09 21:15:52,503 [INFO] [WarmupSplicer] SJVN: loaded 100 warmup bricks (newest: 2026-03-05 15:29:00+05:30)
2026-03-09 21:15:52,655 [INFO] [WarmupSplicer] ADANIENT: loaded 100 warmup bricks (newest: 2026-03-05 15:12:00+05:30)
2026-03-09 21:15:52,698 [INFO] [WarmupSplicer] HINDUNILVR: loaded 100 warmup bricks (newest: 2026-03-05 14:58:00+05:30)
2026-03-09 21:15:52,780 [INFO] [WarmupSplicer] IDFCFIRSTB: loaded 100 warmup bricks (newest: 2026-03-05 15:14:00+05:30)
2026-03-09 21:15:52,852 [INFO] [WarmupSplicer] TORNTPHARM: loaded 100 warmup bricks (newest: 2026-03-05 15:28:00+05:30)
2026-03-09 21:15:52,921 [INFO] [WarmupSplicer] LUPIN: loaded 100 warmup bricks (newest: 2026-03-05 15:14:00+05:30)
2026-03-09 21:15:52,990 [INFO] [WarmupSplicer] IRCTC: loaded 100 warmup bricks (newest: 2026-03-05 15:12:00+05:30)
2026-03-09 21:15:53,053 [INFO] [WarmupSplicer] COLPAL: loaded 100 warmup bricks (newest: 2026-03-05 15:19:00+05:30)
2026-03-09 21:15:54,017 [INFO] [WarmupSplicer] SUZLON: loaded 100 warmup bricks (newest: 2026-03-05 15:02:00+05:30)
2026-03-09 21:15:54,194 [INFO] [WarmupSplicer] EQUITASBNK: loaded 100 warmup bricks (newest: 2026-03-05 15:29:00+05:30)
2026-03-09 21:15:54,309 [INFO] [WarmupSplicer] GSPL: loaded 100 warmup bricks (newest: 2026-03-05 15:13:00+05:30)
2026-03-09 21:15:54,382 [INFO] [WarmupSplicer] PGHH: loaded 100 warmup bricks (newest: 2026-03-05 15:29:00+05:30)
2026-03-09 21:15:54,457 [INFO] [WarmupSplicer] ACC: loaded 100 warmup bricks (newest: 2026-03-05 14:54:00+05:30)
2026-03-09 21:15:54,597 [INFO] [WarmupSplicer] VEDANTFASH: loaded 100 warmup bricks (newest: 2026-03-05 15:22:00+05:30)
2026-03-09 21:15:54,771 [INFO] [WarmupSplicer] GODREJIND: loaded 100 warmup bricks (newest: 2026-03-05 14:50:00+05:30)
2026-03-09 21:15:54,917 [INFO] [WarmupSplicer] MOIL: loaded 100 warmup bricks (newest: 2026-03-05 15:28:00+05:30)
2026-03-09 21:15:55,008 [INFO] [WarmupSplicer] IGL: loaded 100 warmup bricks (newest: 2026-03-05 15:11:00+05:30)
2026-03-09 21:15:55,088 [INFO] [WarmupSplicer] LTTS: loaded 100 warmup bricks (newest: 2026-03-05 15:10:00+05:30)
2026-03-09 21:15:55,167 [INFO] [WarmupSplicer] HINDALCO: loaded 100 warmup bricks (newest: 2026-03-05 15:29:00+05:30)
2026-03-09 21:15:55,273 [INFO] [WarmupSplicer] IPCA: loaded 100 warmup bricks (newest: 2026-03-05 15:29:00+05:30)
2026-03-09 21:15:55,430 [INFO] [WarmupSplicer] ZOMATO: loaded 100 warmup bricks (newest: 2026-03-05 15:16:00+05:30)
2026-03-09 21:15:55,529 [INFO] [WarmupSplicer] MPHASIS: loaded 100 warmup bricks (newest: 2026-03-05 15:00:00+05:30)
2026-03-09 21:15:55,593 [INFO] [WarmupSplicer] JSWSTEEL: loaded 100 warmup bricks (newest: 2026-03-05 15:16:00+05:30)
2026-03-09 21:15:55,687 [INFO] [WarmupSplicer] ABCAPITAL: loaded 100 warmup bricks (newest: 2026-03-05 14:54:00+05:30)
2026-03-09 21:15:55,867 [INFO] [WarmupSplicer] NIACL: loaded 100 warmup bricks (newest: 2026-03-05 15:28:00+05:30)
2026-03-09 21:15:56,006 [INFO] [WarmupSplicer] POONAWALLA: loaded 100 warmup bricks (newest: 2026-03-05 15:22:00+05:30)
2026-03-09 21:15:56,075 [INFO] [WarmupSplicer] FEDERALBNK: loaded 100 warmup bricks (newest: 2026-03-05 15:10:00+05:30)
2026-03-09 21:15:56,152 [INFO] [WarmupSplicer] DEEPAKNTR: loaded 100 warmup bricks (newest: 2026-03-05 14:40:00+05:30)
2026-03-09 21:15:56,305 [INFO] [WarmupSplicer] INTELLECT: loaded 100 warmup bricks (newest: 2026-03-05 15:25:00+05:30)
2026-03-09 21:15:56,400 [INFO] [WarmupSplicer] PERSISTENT: loaded 100 warmup bricks (newest: 2026-03-05 15:29:00+05:30)
2026-03-09 21:15:56,446 [INFO] [WarmupSplicer] SIEMENS: loaded 100 warmup bricks (newest: 2026-03-05 15:02:00+05:30)
2026-03-09 21:15:56,621 [INFO] [WarmupSplicer] DEVYANI: loaded 100 warmup bricks (newest: 2026-03-05 15:27:00+05:30)
2026-03-09 21:15:56,758 [INFO] [WarmupSplicer] MASTEK: loaded 100 warmup bricks (newest: 2026-03-05 15:29:00+05:30)
2026-03-09 21:15:56,934 [INFO] [WarmupSplicer] BHARAT: loaded 100 warmup bricks (newest: 2026-03-05 15:22:00+05:30)
2026-03-09 21:15:57,044 [INFO] [WarmupSplicer] CANFINHOME: loaded 100 warmup bricks (newest: 2026-03-05 15:29:00+05:30)
2026-03-09 21:15:57,151 [INFO] [WarmupSplicer] HEIDELBERG: loaded 100 warmup bricks (newest: 2026-03-05 15:29:00+05:30)
2026-03-09 21:15:57,157 [WARNING] [WarmupSplicer] No feature parquet for NIFTY SERV SECTOR
2026-03-09 21:15:57,286 [INFO] [WarmupSplicer] INDIACEM: loaded 100 warmup bricks (newest: 2026-03-05 15:29:00+05:30)
2026-03-09 21:15:57,339 [INFO] [WarmupSplicer] ULTRACEMCO: loaded 100 warmup bricks (newest: 2026-03-05 15:28:00+05:30)
2026-03-09 21:15:57,430 [INFO] [WarmupSplicer] BANDHANBNK: loaded 100 warmup bricks (newest: 2026-03-05 15:28:00+05:30)
2026-03-09 21:15:57,479 [INFO] [WarmupSplicer] SBIN: loaded 100 warmup bricks (newest: 2026-03-05 15:09:00+05:30)
2026-03-09 21:15:57,637 [INFO] [WarmupSplicer] JKBANK: loaded 100 warmup bricks (newest: 2026-03-05 15:17:00+05:30)
2026-03-09 21:15:57,724 [INFO] [WarmupSplicer] APOLLOTYRE: loaded 100 warmup bricks (newest: 2026-03-05 15:29:00+05:30)
2026-03-09 21:15:57,776 [INFO] [WarmupSplicer] HCLTECH: loaded 100 warmup bricks (newest: 2026-03-05 15:27:00+05:30)
2026-03-09 21:15:57,864 [INFO] [WarmupSplicer] AUBANK: loaded 100 warmup bricks (newest: 2026-03-05 14:57:00+05:30)
2026-03-09 21:15:57,870 [WARNING] [WarmupSplicer] No feature parquet for NIFTY MULTI INFRA
2026-03-09 21:15:57,936 [INFO] [WarmupSplicer] SHOPERSTOP: loaded 100 warmup bricks (newest: 2026-03-05 15:24:00+05:30)
2026-03-09 21:15:58,101 [INFO] [WarmupSplicer] PAYTM: loaded 100 warmup bricks (newest: 2026-03-05 15:29:00+05:30)
2026-03-09 21:15:58,210 [INFO] [WarmupSplicer] DIXON: loaded 100 warmup bricks (newest: 2026-03-05 15:14:00+05:30)
2026-03-09 21:15:58,269 [INFO] [WarmupSplicer] MARICO: loaded 100 warmup bricks (newest: 2026-03-05 15:01:00+05:30)
2026-03-09 21:15:58,390 [INFO] [WarmupSplicer] SUNDRMFAST: loaded 100 warmup bricks (newest: 2026-03-05 15:29:00+05:30)
2026-03-09 21:15:58,507 [INFO] [WarmupSplicer] ZYDUSWELL: loaded 100 warmup bricks (newest: 2026-03-05 15:29:00+05:30)
2026-03-09 21:15:58,564 [INFO] [WarmupSplicer] BRITANNIA: loaded 100 warmup bricks (newest: 2026-03-05 15:18:00+05:30)
2026-03-09 21:15:58,625 [INFO] [WarmupSplicer] BOSCHLTD: loaded 100 warmup bricks (newest: 2026-03-05 15:29:00+05:30)
2026-03-09 21:15:58,675 [INFO] [WarmupSplicer] NESTLEIND: loaded 100 warmup bricks (newest: 2026-03-05 15:14:00+05:30)
2026-03-09 21:15:58,743 [INFO] [WarmupSplicer] DIVISLAB: loaded 100 warmup bricks (newest: 2026-03-05 15:05:00+05:30)
2026-03-09 21:15:58,811 [INFO] [WarmupSplicer] BAJAJFINSV: loaded 100 warmup bricks (newest: 2026-03-05 14:57:00+05:30)
2026-03-09 21:15:58,918 [INFO] [WarmupSplicer] CANBK: loaded 100 warmup bricks (newest: 2026-03-05 15:12:00+05:30)
2026-03-09 21:15:59,163 [INFO] [WarmupSplicer] MAHABANK: loaded 100 warmup bricks (newest: 2026-03-05 15:28:00+05:30)
2026-03-09 21:15:59,305 [INFO] [WarmupSplicer] DELHIVERY: loaded 100 warmup bricks (newest: 2026-03-05 15:16:00+05:30)
2026-03-09 21:15:59,312 [WARNING] [WarmupSplicer] No feature parquet for NIFTY SERV SECTOR
2026-03-09 21:15:59,312 [WARNING] [WarmupSplicer] No feature parquet for NIFTY FMCG
2026-03-09 21:15:59,312 [WARNING] [WarmupSplicer] No feature parquet for NIFTY AUTO
2026-03-09 21:15:59,312 [WARNING] [WarmupSplicer] No feature parquet for NIFTY FIN SERVICE
2026-03-09 21:15:59,312 [WARNING] [WarmupSplicer] No feature parquet for NIFTY PHARMA
2026-03-09 21:15:59,312 [WARNING] [WarmupSplicer] No feature parquet for NIFTY BANK
2026-03-09 21:15:59,312 [WARNING] [WarmupSplicer] No feature parquet for NIFTY MULTI INFRA
2026-03-09 21:15:59,312 [WARNING] [WarmupSplicer] No feature parquet for NIFTY IT
2026-03-09 21:15:59,312 [WARNING] [WarmupSplicer] No feature parquet for NIFTY INFRA
2026-03-09 21:15:59,312 [WARNING] [WarmupSplicer] No feature parquet for NIFTY ENERGY
2026-03-09 21:15:59,312 [WARNING] [WarmupSplicer] No feature parquet for NIFTY METAL
2026-03-09 21:15:59,312 [WARNING] [WarmupSplicer] No feature parquet for NIFTY CONSUMPTION
2026-03-09 21:15:59,312 [INFO] [ExecutionGuard] Warm-up complete: 249/273 symbols ready.
Loading raw .json models...
============================================================
SPOOFER INJECTION STARTED
============================================================
[09:19:59.969920] BRICK: SRF UP @ 2577.36 (Dur: 300s)
[09:19:59.969920] BRICK: BAJAJCON UP @ 369.49 (Dur: 300s)
[09:19:59.969920] BRICK: LT DN @ 3958.10 (Dur: 300s)
[09:19:59.969920] BRICK: MOTHERSON DN @ 125.95 (Dur: 300s)
[09:19:59.969920] BRICK: TECHM UP @ 1346.00 (Dur: 300s)
[09:19:59.969920] BRICK: ADANITRANS DN @ 984.40 (Dur: 300s)
[09:19:59.969920] BRICK: EICHERMOT DN @ 7662.00 (Dur: 300s)
[09:19:59.969920] BRICK: GUJGASLTD DN @ 392.72 (Dur: 300s)
[09:19:59.969920] BRICK: BIRLACORPN UP @ 890.60 (Dur: 300s)
[09:19:59.969920] BRICK: INDHOTEL DN @ 624.25 (Dur: 300s)
[09:19:59.969920] BRICK: HAVELLS DN @ 1344.47 (Dur: 300s)
[09:19:59.969920] BRICK: TORNTPOWER DN @ 1495.62 (Dur: 300s)
[09:19:59.969920] BRICK: RELIANCE UP @ 1401.00 (Dur: 300s)
[09:19:59.969920] BRICK: AMBUJACEM DN @ 478.05 (Dur: 300s)
[09:19:59.969920] BRICK: ASTRAL UP @ 1667.71 (Dur: 300s)
[09:19:59.969920] BRICK: KALPATPOWR UP @ 1134.71 (Dur: 300s)
[09:19:59.969920] BRICK: GRANULES UP @ 577.34 (Dur: 300s)
[09:19:59.969920] BRICK: HDFCBANK DN @ 865.05 (Dur: 300s)
[09:19:59.969920] BRICK: HINDCOPPER DN @ 554.75 (Dur: 300s)
[09:19:59.969920] BRICK: CSBBANK UP @ 372.86 (Dur: 300s)
[09:19:59.969920] BRICK: CYIENT UP @ 886.94 (Dur: 300s)
[09:19:59.969920] BRICK: POLICYBZR DN @ 1443.00 (Dur: 300s)
[09:19:59.969920] BRICK: PFIZER UP @ 4836.70 (Dur: 300s)
[09:19:59.969920] BRICK: ANGELONE UP @ 229.11 (Dur: 300s)
[09:19:59.969920] BRICK: GODREJCP DN @ 1129.76 (Dur: 300s)
[09:19:59.969920] BRICK: IDEA DN @ 10.21 (Dur: 300s)
[09:19:59.969920] BRICK: CEATLTD DN @ 3403.73 (Dur: 300s)
[09:19:59.969920] BRICK: TATACONSUM DN @ 1114.43 (Dur: 300s)
[09:19:59.969920] BRICK: SBILIFE DN @ 1927.00 (Dur: 300s)
[09:19:59.969920] BRICK: MGL DN @ 1081.80 (Dur: 300s)
[09:19:59.969920] BRICK: ICICIGI DN @ 1865.98 (Dur: 300s)
[09:19:59.969920] BRICK: HEROMOTOCO DN @ 5509.00 (Dur: 300s)
[09:19:59.969920] BRICK: MAZDOCK UP @ 2415.00 (Dur: 300s)
[09:19:59.969920] BRICK: HDFCAMC DN @ 2527.20 (Dur: 300s)
[09:19:59.969920] BRICK: BAJFINANCE DN @ 953.80 (Dur: 300s)
[09:19:59.969920] BRICK: POWERGRID DN @ 298.20 (Dur: 300s)
[09:19:59.969920] BRICK: INFY UP @ 1322.80 (Dur: 300s)
[09:19:59.969920] BRICK: TATAPOWER DN @ 375.41 (Dur: 300s)
[09:19:59.969920] BRICK: ERIS DN @ 1366.39 (Dur: 300s)
[09:19:59.969920] BRICK: HDFCLIFE DN @ 675.45 (Dur: 300s)
[09:19:59.969920] BRICK: SHRIRAMFIN DN @ 1034.42 (Dur: 300s)
[09:19:59.969920] BRICK: JSWINFRA UP @ 265.00 (Dur: 300s)
[09:19:59.969920] BRICK: COFORGE UP @ 1169.60 (Dur: 300s)
[09:19:59.969920] BRICK: NATCOPHARM UP @ 1020.25 (Dur: 300s)
[09:19:59.969920] BRICK: ASIANPAINT DN @ 2257.10 (Dur: 300s)
[09:19:59.969920] BRICK: RAMCOCEM DN @ 1088.00 (Dur: 300s)
[09:19:59.969920] BRICK: ADANIPORTS DN @ 1480.40 (Dur: 300s)
[09:19:59.969920] BRICK: LTFH DN @ 275.20 (Dur: 300s)
[09:19:59.969920] BRICK: JINDALSTEL DN @ 765.01 (Dur: 300s)
[09:19:59.969920] BRICK: PETRONET DN @ 291.30 (Dur: 300s)
[09:19:59.969920] BRICK: WIPRO UP @ 197.97 (Dur: 300s)
[09:19:59.969920] BRICK: ICICIPRULI DN @ 623.61 (Dur: 300s)
[09:19:59.969920] BRICK: PIIND UP @ 3086.77 (Dur: 300s)
[09:19:59.969920] BRICK: TATAMOTORS DN @ 351.20 (Dur: 300s)
[09:19:59.969920] BRICK: KFINTECH DN @ 924.56 (Dur: 300s)
[09:19:59.969920] BRICK: ELECON UP @ 398.92 (Dur: 300s)
[09:19:59.969920] BRICK: CENTRALBK DN @ 37.48 (Dur: 300s)
[09:19:59.969920] BRICK: GRINDWELL DN @ 1557.30 (Dur: 300s)
[09:19:59.969920] BRICK: BANKBARODA DN @ 296.40 (Dur: 300s)
[09:19:59.969920] BRICK: JYOTHYLAB DN @ 249.23 (Dur: 300s)
[09:19:59.969920] BRICK: VOLTAS DN @ 1473.95 (Dur: 300s)
[09:19:59.969920] BRICK: METROPOLIS UP @ 1805.40 (Dur: 300s)
[09:19:59.969920] BRICK: BHARTIARTL DN @ 1895.00 (Dur: 300s)
[09:19:59.969920] BRICK: NYKAA DN @ 259.80 (Dur: 300s)
[09:19:59.969920] BRICK: BIRLASOFT DN @ 152.79 (Dur: 300s)
[09:19:59.969920] BRICK: BERGEPAINT DN @ 432.99 (Dur: 300s)
[09:19:59.969920] BRICK: AJANTPHARM UP @ 3005.40 (Dur: 300s)
[09:19:59.969920] BRICK: EIH UP @ 324.47 (Dur: 300s)
[09:19:59.969920] BRICK: BPCL DN @ 357.60 (Dur: 300s)
[09:19:59.969920] BRICK: TATAELXSI UP @ 4446.10 (Dur: 300s)
[09:19:59.969920] BRICK: AIAENG DN @ 3595.92 (Dur: 300s)
[09:19:59.969920] BRICK: INDIANB DN @ 944.43 (Dur: 300s)
[09:19:59.969920] BRICK: LTIM UP @ 4332.70 (Dur: 300s)
[09:19:59.969920] BRICK: RADICO DN @ 2563.74 (Dur: 300s)
[09:19:59.969920] BRICK: TITAN DN @ 4255.17 (Dur: 300s)
[09:19:59.969920] BRICK: NMDC DN @ 78.09 (Dur: 300s)
[09:19:59.969920] BRICK: UNIONBANK DN @ 189.99 (Dur: 300s)
[09:19:59.969920] BRICK: TATASTEEL DN @ 197.32 (Dur: 300s)
[09:19:59.969920] BRICK: APOLLOHOSP DN @ 7744.10 (Dur: 300s)
[09:19:59.969920] BRICK: LALPATHLAB UP @ 1344.97 (Dur: 300s)
[09:19:59.969920] BRICK: TATACOMM DN @ 1451.03 (Dur: 300s)
[09:19:59.969920] BRICK: GLENMARK UP @ 2121.40 (Dur: 300s)
[09:19:59.969920] BRICK: BIOCON UP @ 389.56 (Dur: 300s)
[09:19:59.969920] BRICK: TRENT DN @ 3774.79 (Dur: 300s)
[09:19:59.969920] BRICK: ESCORTS UP @ 3345.43 (Dur: 300s)
[09:19:59.969920] BRICK: PNB DN @ 121.83 (Dur: 300s)
[09:19:59.969920] BRICK: ASHOKLEY DN @ 200.55 (Dur: 300s)
[09:19:59.969920] BRICK: OFSS UP @ 6864.00 (Dur: 300s)
[09:19:59.969920] BRICK: BAJAJ-AUTO DN @ 9748.82 (Dur: 300s)
[09:19:59.969920] BRICK: MCX UP @ 2574.59 (Dur: 300s)
[09:19:59.969920] BRICK: ABB DN @ 5896.48 (Dur: 300s)
[09:19:59.969920] BRICK: MFSL DN @ 1727.40 (Dur: 300s)
[09:19:59.969920] BRICK: TANLA DN @ 258.45 (Dur: 300s)
[09:19:59.969920] BRICK: SAIL DN @ 154.25 (Dur: 300s)
[09:19:59.969920] BRICK: TCS UP @ 2606.50 (Dur: 300s)
[09:19:59.969920] BRICK: DABUR DN @ 483.75 (Dur: 300s)
[09:19:59.969920] BRICK: APLAPOLLO DN @ 2153.31 (Dur: 300s)
[09:19:59.969920] BRICK: GAIL DN @ 154.64 (Dur: 300s)
[09:19:59.969920] BRICK: TIINDIA UP @ 150.33 (Dur: 300s)
[09:19:59.969920] BRICK: MAHINDCIE UP @ 470.40 (Dur: 300s)
[09:19:59.969920] BRICK: MARUTI DN @ 14225.00 (Dur: 300s)
[09:19:59.969920] BRICK: CHOLAFIN DN @ 1654.70 (Dur: 300s)
[09:19:59.969920] BRICK: COALINDIA DN @ 444.95 (Dur: 300s)
[09:19:59.969920] BRICK: NATIONALUM DN @ 387.30 (Dur: 300s)
[09:19:59.969920] BRICK: RBLBANK DN @ 308.97 (Dur: 300s)
[09:19:59.969920] BRICK: DALBHARAT DN @ 193.16 (Dur: 300s)
[09:19:59.969920] BRICK: ICICIBANK DN @ 1325.90 (Dur: 300s)
[09:19:59.969920] BRICK: LICI DN @ 829.80 (Dur: 300s)
[09:19:59.969920] BRICK: VEDL DN @ 709.78 (Dur: 300s)
[09:19:59.969920] BRICK: SJVN DN @ 71.67 (Dur: 300s)
[09:19:59.969920] BRICK: ADANIENT DN @ 2077.58 (Dur: 300s)
[09:19:59.969920] BRICK: HINDUNILVR DN @ 2235.90 (Dur: 300s)
[09:19:59.969920] BRICK: LUPIN UP @ 2354.70 (Dur: 300s)
[09:19:59.969920] BRICK: IRCTC UP @ 562.80 (Dur: 300s)
[09:19:59.969920] BRICK: COLPAL UP @ 2206.99 (Dur: 300s)
[09:19:59.969920] BRICK: EQUITASBNK UP @ 58.17 (Dur: 300s)
[09:19:59.969920] BRICK: PGHH DN @ 11172.47 (Dur: 300s)
[09:19:59.969920] BRICK: ACC DN @ 1517.60 (Dur: 300s)
[09:19:59.969920] BRICK: VEDANTFASH DN @ 376.95 (Dur: 300s)
[09:19:59.969920] BRICK: MOIL UP @ 293.25 (Dur: 300s)
[09:19:59.969920] BRICK: IGL DN @ 158.61 (Dur: 300s)
[09:19:59.969920] BRICK: LTTS UP @ 3314.56 (Dur: 300s)
[09:19:59.969920] BRICK: HINDALCO DN @ 944.30 (Dur: 300s)
[09:19:59.969920] BRICK: MPHASIS UP @ 2252.50 (Dur: 300s)
[09:19:59.969920] BRICK: JSWSTEEL DN @ 1230.80 (Dur: 300s)
[09:19:59.969920] BRICK: POONAWALLA DN @ 431.83 (Dur: 300s)
[09:19:59.969920] BRICK: DEEPAKNTR DN @ 1532.74 (Dur: 300s)
[09:19:59.969920] BRICK: INTELLECT UP @ 663.15 (Dur: 300s)
[09:19:59.969920] BRICK: PERSISTENT UP @ 4772.00 (Dur: 300s)
[09:19:59.969920] BRICK: SIEMENS DN @ 3183.50 (Dur: 300s)
[09:19:59.969920] BRICK: DEVYANI DN @ 1195.50 (Dur: 300s)
[09:19:59.969920] BRICK: BHARAT UP @ 1293.70 (Dur: 300s)
[09:19:59.969920] BRICK: HEIDELBERG DN @ 157.37 (Dur: 300s)
[09:19:59.969920] BRICK: ULTRACEMCO DN @ 12093.00 (Dur: 300s)
[09:19:59.969920] BRICK: BANDHANBNK DN @ 183.07 (Dur: 300s)
[09:19:59.969920] BRICK: APOLLOTYRE DN @ 441.86 (Dur: 300s)
[09:19:59.969920] BRICK: HCLTECH UP @ 1373.60 (Dur: 300s)
[09:19:59.969920] BRICK: SHOPERSTOP DN @ 303.15 (Dur: 300s)
[09:19:59.969920] BRICK: DIXON DN @ 10168.38 (Dur: 300s)
[09:19:59.969920] BRICK: BOSCHLTD DN @ 33207.72 (Dur: 300s)
[09:19:59.969920] BRICK: NESTLEIND DN @ 1244.34 (Dur: 300s)
[09:19:59.969920] BRICK: BAJAJFINSV DN @ 1892.20 (Dur: 300s)
[09:19:59.969920] BRICK: MAHABANK DN @ 70.65 (Dur: 300s)
[09:19:59.969920] BRICK: DELHIVERY DN @ 425.40 (Dur: 300s)
[09:20:00.599433] BRICK: IPCA UP @ 1507.12 (Dur: 300s)
[09:20:00.926454] BRICK: PFIZER UP @ 4856.13 (Dur: 1.0s)
[09:20:01.449891] BRICK: ROUTE UP @ 485.09 (Dur: 300s)
[09:20:01.511779] BRICK: ITC DN @ 310.62 (Dur: 300s)
[09:20:01.813388] BRICK: HAL DN @ 3882.20 (Dur: 300s)
[09:20:03.075186] BRICK: KAYNES DN @ 3783.95 (Dur: 300s)
[09:20:04.017588] BRICK: M&M DN @ 3331.75 (Dur: 300s)
[09:20:04.805459] BRICK: BHARTIARTL DN @ 1887.51 (Dur: 4.835539s)
[09:20:05.582221] BRICK: NHPC DN @ 73.91 (Dur: 300s)
[09:20:05.957168] BRICK: MARICO UP @ 782.63 (Dur: 300s)
[09:20:06.681156] BRICK: KOTAKBANK DN @ 404.98 (Dur: 300s)
[09:20:06.681156] BRICK: PNB DN @ 121.36 (Dur: 6.7112359999999995s)
[09:20:06.749810] BRICK: BOSCHLTD DN @ 33074.35 (Dur: 6.77989s)
[09:20:06.977183] BRICK: UNIONBANK DN @ 189.23 (Dur: 7.007263s)
[09:20:06.977183] BRICK: HEIDELBERG DN @ 156.75 (Dur: 7.007263s)
[09:20:07.278900] BRICK: BAJAJ-AUTO DN @ 9709.51 (Dur: 7.30898s)
[09:20:07.600943] BRICK: DCBBANK DN @ 173.77 (Dur: 300s)
[09:20:07.889602] BRICK: BEL UP @ 463.40 (Dur: 300s)
[09:20:07.889602] BRICK: KARURVYSYA DN @ 316.18 (Dur: 300s)
[09:20:08.489558] BRICK: APLAPOLLO DN @ 2144.70 (Dur: 8.519638s)
[09:20:08.821265] BRICK: SUZLON DN @ 40.09 (Dur: 300s)
[09:20:09.580064] BRICK: SOUTHBANK DN @ 40.15 (Dur: 300s)
[09:20:12.633360] BRICK: SUNPHARMA DN @ 1777.06 (Dur: 300s)
[09:20:13.226066] BRICK: CEATLTD DN @ 3389.90 (Dur: 13.256146s)
[09:20:15.366467] BRICK: BSE UP @ 2773.72 (Dur: 300s)
[09:20:20.717769] BRICK: AARTIIND DN @ 418.48 (Dur: 300s)
[09:20:20.996436] BRICK: MRF UP @ 140873.72 (Dur: 300s)
[09:20:21.596661] BRICK: JSWENERGY UP @ 483.05 (Dur: 300s)
[09:20:21.937496] BRICK: JSWINFRA UP @ 266.07 (Dur: 21.967576s)
[09:20:21.937496] INFERENCE: JSWINFRA | Brain1 (PROB): 0.7188 | Brain2 (CONV): 5.0 | Signal: SHORT
[09:20:21.937496] [DROP] JSWINFRA: Low Conv (4.97 < 20)
[09:20:22.274594] BRICK: AJANTPHARM DN @ 2993.41 (Dur: 22.304674s)
[09:20:22.836135] BRICK: NATIONALUM UP @ 388.89 (Dur: 22.866215s)
[09:20:28.724387] BRICK: ATGL UP @ 485.75 (Dur: 300s)
[09:20:29.197651] BRICK: ELECON UP @ 400.55 (Dur: 29.227731s)
[09:20:29.197651] BRICK: IRFC UP @ 99.34 (Dur: 300s)
[09:20:29.466803] BRICK: DALBHARAT DN @ 192.40 (Dur: 29.496883s)
[09:20:35.676406] BRICK: AUROPHARMA UP @ 1229.70 (Dur: 300s)
[09:20:36.028561] BRICK: PFC UP @ 416.85 (Dur: 300s)
[09:20:36.329053] BRICK: MAHINDCIE UP @ 472.25 (Dur: 36.359133s)
[09:20:36.765180] BRICK: ANGELONE DN @ 228.23 (Dur: 36.79526s)
[09:20:36.897530] BRICK: MOIL UP @ 294.42 (Dur: 36.92761s)
[09:20:36.897530] INFERENCE: MOIL | Brain1 (PROB): 0.7128 | Brain2 (CONV): 5.3 | Signal: SHORT
[09:20:36.897530] [DROP] MOIL: Low Conv (5.29 < 20)
[09:20:37.506477] BRICK: GODREJIND UP @ 936.00 (Dur: 300s)
[09:20:37.506477] BRICK: PIIND UP @ 3099.11 (Dur: 37.536557s)
[09:20:37.844971] BRICK: ASTRAL UP @ 1674.43 (Dur: 37.875051s)
[09:20:40.647867] BRICK: SRF UP @ 2587.87 (Dur: 40.677947s)
[09:20:43.196696] BRICK: CYIENT UP @ 890.49 (Dur: 43.226776s)
[09:20:44.400069] BRICK: INTELLECT UP @ 665.88 (Dur: 44.430149s)
[09:20:44.801666] BRICK: BIRLACORPN UP @ 894.06 (Dur: 44.831746s)
[09:20:47.619463] BRICK: WHIRLPOOL DN @ 909.16 (Dur: 300s)
[09:20:50.851132] BRICK: CDSL DN @ 1235.61 (Dur: 300s)
[09:20:58.975212] BRICK: BHEL UP @ 257.73 (Dur: 300s)
[09:21:01.649047] BRICK: NATIONALUM UP @ 390.47 (Dur: 38.812912s)
[09:21:02.095405] BRICK: SAIL UP @ 154.86 (Dur: 62.125485s)
[09:21:02.395308] BRICK: TRENT UP @ 3789.70 (Dur: 62.425388s)
[09:21:05.546357] BRICK: MCX UP @ 2584.73 (Dur: 65.576437s)
[09:21:05.770069] BRICK: NMDC UP @ 78.41 (Dur: 65.800149s)
[09:21:06.163650] BRICK: MASTEK UP @ 1646.80 (Dur: 300s)
[09:21:06.163650] BRICK: CEATLTD UP @ 3403.73 (Dur: 52.937584s)
[09:21:06.163650] BRICK: SHRIRAMFIN UP @ 1038.46 (Dur: 66.19373s)
[09:21:06.767700] BRICK: KEC UP @ 552.53 (Dur: 300s)
[09:21:06.767700] BRICK: SUNPHARMA UP @ 1784.25 (Dur: 54.13434s)
[09:21:07.137111] BRICK: MAZDOCK UP @ 2424.91 (Dur: 67.167191s)
[09:21:07.137111] BRICK: INTELLECT DN @ 663.15 (Dur: 22.737042s)
[09:21:07.137111] BRICK: JSWENERGY UP @ 485.00 (Dur: 45.54045s)
[09:21:07.415417] BRICK: KALPATPOWR UP @ 1139.22 (Dur: 67.445497s)
[09:21:07.728164] BRICK: LTIM UP @ 4349.85 (Dur: 67.758244s)
[09:21:07.841777] BRICK: ESCORTS UP @ 3358.54 (Dur: 67.871857s)
[09:21:09.746015] BRICK: TATAPOWER UP @ 376.91 (Dur: 69.776095s)
[09:21:10.573326] BRICK: ZOMATO UP @ 241.58 (Dur: 300s)
[09:21:12.151004] BRICK: HINDALCO UP @ 948.14 (Dur: 72.181084s)
[09:21:13.542363] BRICK: CIPLA UP @ 1328.66 (Dur: 300s)
[09:21:14.033361] BRICK: LAURUSLABS UP @ 1049.33 (Dur: 300s)
[09:21:14.033361] BRICK: ATGL UP @ 487.68 (Dur: 45.308974s)
[09:21:14.295276] BRICK: DIXON UP @ 10208.40 (Dur: 74.325356s)
[09:21:14.295276] BRICK: IRCTC UP @ 565.01 (Dur: 74.325356s)
[09:21:14.900564] BRICK: DIVISLAB UP @ 6389.53 (Dur: 300s)
[09:21:17.123334] BRICK: RVNL UP @ 282.20 (Dur: 300s)
[09:21:17.544061] BRICK: UJJIVANSFB UP @ 56.26 (Dur: 300s)
[09:21:18.564017] BRICK: ZYDUSWELL DN @ 380.74 (Dur: 300s)
[09:21:21.594347] BRICK: BHEL UP @ 258.77 (Dur: 22.619135s)
[09:21:22.436630] BRICK: EMAMILTD DN @ 465.72 (Dur: 300s)
[09:21:22.947484] BRICK: INDUSINDBK UP @ 941.01 (Dur: 300s)
[09:21:28.388059] BRICK: KOTAKBANK UP @ 406.58 (Dur: 81.706903s)
[09:21:28.677071] BRICK: CAMS UP @ 657.09 (Dur: 300s)
[09:21:30.296360] BRICK: AJANTPHARM UP @ 3005.40 (Dur: 68.021766s)
[09:21:30.832497] BRICK: PAGEIND DN @ 31327.80 (Dur: 300s)
[09:21:31.495292] BRICK: PERSISTENT UP @ 4791.09 (Dur: 91.525372s)
[09:21:33.186026] BRICK: TORNTPOWER DN @ 1489.69 (Dur: 93.216106s)
[09:21:35.395990] BRICK: LUPIN UP @ 2364.02 (Dur: 95.42607s)
[09:21:36.803554] BRICK: ABCAPITAL UP @ 328.87 (Dur: 300s)
[09:21:37.897749] BRICK: BIRLACORPN DN @ 890.60 (Dur: 53.096083s)
[09:21:39.144382] BRICK: IPCA UP @ 1513.12 (Dur: 98.544949s)
[09:21:39.842804] BRICK: TANLA UP @ 259.50 (Dur: 99.872884s)
[09:21:44.176770] BRICK: NYKAA UP @ 260.82 (Dur: 104.20685s)
[09:21:44.307592] BRICK: MANAPPURAM UP @ 267.78 (Dur: 300s)
[09:21:44.423472] BRICK: POONAWALLA UP @ 433.52 (Dur: 104.453552s)
[09:21:44.695872] BRICK: ELECON UP @ 402.19 (Dur: 75.498221s)
[09:21:44.912531] BRICK: MPHASIS UP @ 2261.36 (Dur: 104.942611s)
[09:21:46.047194] BRICK: HDFCAMC UP @ 2537.27 (Dur: 106.077274s)
[09:21:46.195630] BRICK: GRANULES UP @ 579.64 (Dur: 106.22571s)
[09:21:46.419205] BRICK: BAJFINANCE UP @ 957.60 (Dur: 106.449285s)
[09:21:46.803796] BRICK: CHOLAFIN UP @ 1661.19 (Dur: 106.833876s)
[09:21:47.095133] BRICK: TECHM UP @ 1351.35 (Dur: 107.125213s)
[09:21:47.994780] BRICK: SHRIRAMFIN UP @ 1042.50 (Dur: 41.83113s)
[09:21:48.547926] BRICK: VOLTAS UP @ 1479.87 (Dur: 108.578006s)
[09:21:51.597589] BRICK: MFSL UP @ 1734.22 (Dur: 111.627669s)
[09:21:51.597589] BRICK: AARTIIND UP @ 420.16 (Dur: 90.87982s)
[09:21:51.597589] BRICK: APOLLOTYRE UP @ 443.62 (Dur: 111.627669s)
[09:21:52.216322] BRICK: IDFCFIRSTB UP @ 70.59 (Dur: 300s)
[09:21:53.178516] BRICK: VEDANTFASH UP @ 378.43 (Dur: 113.208596s)
[09:21:53.178516] BRICK: JSWSTEEL UP @ 1235.72 (Dur: 113.208596s)
[09:21:53.995811] BRICK: NAUKRI UP @ 1016.83 (Dur: 300s)
[09:21:54.997945] BRICK: YESBANK UP @ 20.27 (Dur: 300s)
[09:21:54.997945] BRICK: ROUTE UP @ 487.00 (Dur: 113.548054s)
[09:21:55.344738] BRICK: SJVN UP @ 71.95 (Dur: 115.374818s)
[09:21:55.505167] BRICK: UBL UP @ 1641.66 (Dur: 300s)
[09:21:56.640410] BRICK: BEL UP @ 465.27 (Dur: 108.750808s)
[09:21:59.111260] BRICK: BALKRISIND UP @ 2278.69 (Dur: 300s)
[09:21:59.396210] BRICK: BHARAT UP @ 1299.12 (Dur: 119.42629s)
[09:22:00.595953] BRICK: NIFTY METAL UP @ 11972.85 (Dur: 120.626033s)
[09:22:00.914816] BRICK: TATASTEEL UP @ 198.11 (Dur: 120.944896s)
[09:22:01.346679] BRICK: BHEL UP @ 259.80 (Dur: 39.752332s)
[09:22:01.551298] BRICK: DEVYANI UP @ 1200.31 (Dur: 121.581378s)
[09:22:02.849679] BRICK: RECLTD UP @ 343.98 (Dur: 300s)
[09:22:03.501196] BRICK: CAMS UP @ 659.69 (Dur: 34.824125s)
[09:22:03.766628] BRICK: RELAXO UP @ 326.69 (Dur: 300s)
[09:22:05.245718] BRICK: MAZDOCK UP @ 2434.82 (Dur: 58.108607s)
[09:22:07.692755] BRICK: M&MFIN UP @ 367.06 (Dur: 300s)
[09:22:08.244846] BRICK: DELHIVERY UP @ 427.09 (Dur: 128.274926s)
[09:22:08.244846] BRICK: JKCEMENT UP @ 5540.67 (Dur: 300s)
[09:22:10.825341] BRICK: UJJIVANSFB UP @ 56.48 (Dur: 53.28128s)
[09:22:11.848779] BRICK: WELCORP UP @ 823.44 (Dur: 300s)
[09:22:14.274049] BRICK: NMDC UP @ 78.73 (Dur: 68.50398s)
[09:22:14.546013] BRICK: ABB UP @ 5920.73 (Dur: 134.576093s)
[09:22:14.546013] BRICK: PFC UP @ 418.47 (Dur: 98.517452s)
[09:22:15.069233] BRICK: BAJAJCON UP @ 370.98 (Dur: 135.099313s)
[09:22:15.493449] BRICK: MARICO UP @ 785.78 (Dur: 129.536281s)
[09:22:15.730148] BRICK: INTELLECT UP @ 665.88 (Dur: 68.593037s)
[09:22:15.730148] BRICK: TRENT UP @ 3804.62 (Dur: 73.33484s)
[09:22:16.336641] BRICK: HUDCO UP @ 178.78 (Dur: 300s)
[09:22:16.703338] BRICK: EQUITASBNK UP @ 58.41 (Dur: 136.733418s)
[09:22:17.936922] BRICK: SUZLON UP @ 40.25 (Dur: 129.115657s)
[09:22:22.004345] BRICK: BPCL DN @ 356.19 (Dur: 142.034425s)
[09:22:22.004345] BRICK: COFORGE UP @ 1174.25 (Dur: 142.034425s)
[09:22:22.495189] BRICK: MANAPPURAM UP @ 268.83 (Dur: 38.187597s)
[09:22:25.956788] BRICK: RECLTD UP @ 345.34 (Dur: 23.107109s)
[09:22:26.202793] BRICK: UJJIVANSFB UP @ 56.70 (Dur: 15.377452s)
[09:22:26.202793] BRICK: VBL UP @ 448.00 (Dur: 300s)
[09:22:26.394561] BRICK: RAMCOCEM UP @ 1092.35 (Dur: 146.424641s)
[09:22:30.328771] BRICK: METROBRAND DN @ 978.07 (Dur: 300s)
[09:22:30.328771] BRICK: ELECON UP @ 403.82 (Dur: 45.632899s)
[09:22:31.677166] BRICK: DCBBANK UP @ 174.45 (Dur: 144.076223s)
[09:22:31.865082] BRICK: NTPC UP @ 379.38 (Dur: 300s)
[09:22:33.497163] BRICK: UBL UP @ 1648.69 (Dur: 37.991996s)
[09:22:37.193651] BRICK: MRF UP @ 141428.27 (Dur: 136.197215s)
[09:22:38.245062] BRICK: KALPATPOWR UP @ 1143.72 (Dur: 90.829645s)
[09:22:38.927599] BRICK: KAYNES UP @ 3798.96 (Dur: 155.852413s)
[09:22:40.491814] BRICK: SAIL UP @ 155.48 (Dur: 98.396409s)
[09:22:43.813983] BRICK: IDEA UP @ 10.25 (Dur: 163.844063s)
[09:22:45.594626] BRICK: GODREJIND UP @ 939.74 (Dur: 128.088149s)
[09:22:47.244126] BRICK: MAZDOCK UP @ 2444.73 (Dur: 41.998408s)
[09:22:47.668791] BRICK: SHRIRAMFIN UP @ 1046.53 (Dur: 59.674011s)
[09:22:51.024838] BRICK: BANDHANBNK UP @ 183.80 (Dur: 171.054918s)
[09:22:51.286436] BRICK: HAVELLS UP @ 1349.87 (Dur: 171.316516s)
[09:22:51.748729] BRICK: MARUTI UP @ 14281.66 (Dur: 171.778809s)
[09:22:51.748729] BRICK: HINDCOPPER UP @ 556.99 (Dur: 171.778809s)
[09:22:52.415188] BRICK: JKBANK UP @ 121.61 (Dur: 300s)
[09:22:52.946712] BRICK: LTIM UP @ 4367.00 (Dur: 105.218548s)
[09:22:54.743204] BRICK: NIFTY PHARMA UP @ 23115.39 (Dur: 174.773284s)
[09:22:55.793176] BRICK: THERMAX UP @ 3074.70 (Dur: 300s)
[09:22:55.793176] BRICK: M&M UP @ 3345.07 (Dur: 171.775588s)
[09:22:58.428751] BRICK: MAHABANK UP @ 70.93 (Dur: 178.458831s)
[09:22:59.392506] BRICK: HEROMOTOCO UP @ 5531.07 (Dur: 179.422586s)
[09:23:00.747923] BRICK: GLENMARK UP @ 2129.88 (Dur: 180.778003s)
[09:23:00.993635] BRICK: DRREDDY UP @ 1315.74 (Dur: 300s)
[09:23:01.250940] BRICK: RELIANCE UP @ 1406.62 (Dur: 181.28102s)
[09:23:05.107541] BRICK: MFSL UP @ 1741.04 (Dur: 73.509952s)
[09:23:05.244390] BRICK: BIOCON UP @ 391.12 (Dur: 185.27447s)
[09:23:05.244390] BRICK: ASIANPAINT UP @ 2266.22 (Dur: 185.27447s)
[09:23:05.867489] BRICK: CEATLTD UP @ 3417.56 (Dur: 119.703839s)
[09:23:05.867887] BRICK: ADANITRANS UP @ 988.39 (Dur: 185.897967s)
[09:23:06.008927] BRICK: HINDUNILVR UP @ 2244.79 (Dur: 186.039007s)
[09:23:06.008927] BRICK: LTTS DN @ 3301.88 (Dur: 186.039007s)
[09:23:06.917400] BRICK: HDFCLIFE UP @ 678.13 (Dur: 186.94748s)
[09:23:08.719180] BRICK: NIFTY ENERGY UP @ 36349.48 (Dur: 188.74926s)
[09:23:08.846807] BRICK: ICICIBANK DN @ 1320.65 (Dur: 188.876887s)
[09:23:08.993275] BRICK: UBL UP @ 1655.73 (Dur: 35.496112s)
[09:23:12.144898] BRICK: NHPC UP @ 74.21 (Dur: 186.562677s)
[09:23:12.309618] BRICK: AARTIIND UP @ 421.84 (Dur: 80.712029s)
[09:23:12.753158] BRICK: POWERGRID UP @ 299.40 (Dur: 192.783238s)
[09:23:15.250228] BRICK: TATAMOTORS UP @ 352.60 (Dur: 195.280308s)
[09:23:15.250228] BRICK: TANLA UP @ 260.56 (Dur: 95.407424s)
[09:23:15.785168] BRICK: SIEMENS UP @ 3196.57 (Dur: 195.815248s)
[09:23:16.212745] BRICK: BAJAJ-AUTO UP @ 9748.82 (Dur: 188.933845s)
[09:23:16.950555] BRICK: POLICYBZR UP @ 1448.72 (Dur: 196.980635s)
[09:23:17.735530] BRICK: MARICO UP @ 788.92 (Dur: 62.242081s)
[09:23:18.596205] BRICK: PERSISTENT UP @ 4810.18 (Dur: 107.100913s)
[09:23:18.760898] BRICK: MANKIND UP @ 2228.17 (Dur: 300s)
[09:23:18.915235] BRICK: ADANIPORTS UP @ 1486.30 (Dur: 198.945315s)
[09:23:19.579822] BRICK: EXIDEIND UP @ 320.70 (Dur: 300s)
[09:23:19.644210] BRICK: NIFTY FIN SERVICE UP @ 20170.73 (Dur: 199.67429s)
[09:23:19.644210] BRICK: NIFTY MULTI INFRA UP @ 13845.11 (Dur: 199.67429s)
[09:23:20.198835] BRICK: MOIL UP @ 295.59 (Dur: 163.301305s)
[09:23:20.244435] BRICK: BOSCHLTD UP @ 33207.72 (Dur: 193.494625s)
[09:23:20.623510] BRICK: DELHIVERY UP @ 428.79 (Dur: 72.378664s)
[09:23:21.204230] BRICK: NIFTY AUTO UP @ 27247.82 (Dur: 201.23431s)
[09:23:21.205022] BRICK: EQUITASBNK UP @ 58.65 (Dur: 64.501684s)
[09:25:17.468385] BRICK: COFORGE UP @ 1178.90 (Dur: 175.46404s)
[09:25:18.252905] BRICK: IRFC UP @ 99.74 (Dur: 289.055254s)
[09:25:18.330525] BRICK: PNBHOUSING UP @ 791.67 (Dur: 300s)
[09:25:19.705190] BRICK: AUROPHARMA UP @ 1234.64 (Dur: 284.028784s)
[09:25:23.582099] BRICK: GUJGASLTD UP @ 394.29 (Dur: 300s)
[09:25:23.582099] BRICK: GRANULES UP @ 581.95 (Dur: 217.386469s)
[09:25:23.582099] BRICK: HAL UP @ 3898.29 (Dur: 300s)
[09:25:23.582099] BRICK: ANGELONE DN @ 227.36 (Dur: 286.816919s)
[09:25:23.582099] BRICK: RVNL UP @ 283.34 (Dur: 246.458765s)
[09:25:23.582099] BRICK: TATACONSUM UP @ 1118.91 (Dur: 300s)
[09:25:23.582099] BRICK: MGL DN @ 1077.62 (Dur: 300s)
[09:25:23.582099] BRICK: MAZDOCK UP @ 2454.64 (Dur: 156.337973s)
[09:25:23.582099] BRICK: NTPC UP @ 380.90 (Dur: 171.717017s)
[09:25:23.582099] BRICK: CUMMINSIND UP @ 4813.13 (Dur: 300s)
[09:25:23.582099] BRICK: HDFCAMC UP @ 2547.35 (Dur: 217.534905s)
[09:25:23.582099] BRICK: IOC DN @ 171.01 (Dur: 300s)
[09:25:23.582099] BRICK: JSWINFRA UP @ 267.14 (Dur: 150.8223015s)
[09:25:23.582099] BRICK: JSWINFRA UP @ 268.21 (Dur: 150.8223015s)
[09:25:23.582099] BRICK: NIFTY FMCG UP @ 49988.19 (Dur: 300s)
[09:25:23.582099] BRICK: UBL UP @ 1662.76 (Dur: 134.588824s)
[09:25:23.582099] BRICK: ADANIPORTS UP @ 1492.20 (Dur: 124.666864s)
[09:25:23.582099] BRICK: PIIND UP @ 3111.46 (Dur: 286.075622s)
[09:25:23.582099] BRICK: NMDC UP @ 79.05 (Dur: 189.30805s)
[09:25:23.582099] BRICK: SANOFI UP @ 3823.67 (Dur: 300s)
[09:25:23.582099] BRICK: BERGEPAINT DN @ 431.24 (Dur: 300s)
[09:25:23.582099] BRICK: MUTHOOTFIN UP @ 3315.16 (Dur: 300s)
[09:25:23.582099] BRICK: VBL UP @ 449.79 (Dur: 88.689653s)
[09:25:23.582099] BRICK: VBL UP @ 451.58 (Dur: 88.689653s)
[09:25:23.582099] BRICK: PFC UP @ 420.10 (Dur: 189.036086s)
[09:25:23.582099] BRICK: RATNAMANI UP @ 2393.05 (Dur: 300s)
[09:25:23.582099] BRICK: ITC UP @ 311.86 (Dur: 300s)
[09:25:23.582099] BRICK: ADANIGREEN UP @ 886.22 (Dur: 300s)
[09:25:23.582099] BRICK: NIFTY CONSUMPTION UP @ 11273.20 (Dur: 300s)
[09:25:23.582099] BRICK: TCS UP @ 2616.74 (Dur: 300s)
[09:25:23.582099] BRICK: JSWENERGY UP @ 486.96 (Dur: 256.444988s)
[09:25:23.582099] BRICK: TATACHEM UP @ 713.96 (Dur: 300s)
[09:25:23.582099] BRICK: TIINDIA UP @ 150.93 (Dur: 161.8060895s)
[09:25:23.582099] BRICK: TIINDIA UP @ 151.53 (Dur: 161.8060895s)
[09:25:23.582099] BRICK: OFSS UP @ 6890.87 (Dur: 300s)
[09:25:23.582099] BRICK: IRCTC UP @ 567.22 (Dur: 249.286823s)
[09:25:23.582099] BRICK: PIDILITIND UP @ 1449.60 (Dur: 300s)
[09:25:23.582099] BRICK: VEDL UP @ 712.66 (Dur: 300s)
[09:25:23.582099] BRICK: INTELLECT UP @ 668.60 (Dur: 187.851951s)
[09:25:23.582099] BRICK: COLPAL UP @ 2215.82 (Dur: 300s)
[09:25:23.582099] BRICK: SUZLON UP @ 40.41 (Dur: 185.645177s)
[09:25:23.582099] BRICK: MPHASIS UP @ 2270.23 (Dur: 109.334784s)
[09:25:23.582099] BRICK: MPHASIS UP @ 2279.09 (Dur: 109.334784s)
[09:25:23.582099] BRICK: AUBANK UP @ 977.94 (Dur: 300s)
[09:25:23.582099] BRICK: CANFINHOME UP @ 838.61 (Dur: 300s)
[09:25:23.582099] BRICK: ULTRACEMCO UP @ 12141.05 (Dur: 300s)
[09:25:23.582099] BRICK: JKBANK UP @ 122.09 (Dur: 75.5834555s)
[09:25:23.582099] BRICK: JKBANK UP @ 122.56 (Dur: 75.5834555s)
[09:25:23.582099] BRICK: BHARAT UP @ 1304.53 (Dur: 102.0929445s)
[09:25:23.582099] BRICK: BHARAT UP @ 1309.95 (Dur: 102.0929445s)
[09:25:23.582099] BRICK: PAYTM UP @ 1053.00 (Dur: 300s)
[09:25:23.582099] BRICK: SUNDRMFAST UP @ 853.70 (Dur: 300s)
[09:25:24.316315] BRICK: HAL UP @ 3914.38 (Dur: 1.0s)
[09:25:26.560301] BRICK: GRANULES UP @ 584.26 (Dur: 2.978202s)
[09:25:28.677643] BRICK: CDSL UP @ 1240.51 (Dur: 277.826511s)
[09:25:29.293335] BRICK: DEEPAKNTR UP @ 1538.84 (Dur: 300s)
[09:25:29.411212] BRICK: ELECON UP @ 405.46 (Dur: 179.082441s)
[09:25:29.411212] BRICK: DABUR UP @ 485.66 (Dur: 300s)
[09:25:30.461253] BRICK: LTFH UP @ 276.29 (Dur: 300s)
[09:25:30.461253] BRICK: DCBBANK UP @ 175.13 (Dur: 178.784087s)
[09:25:36.395160] BRICK: BPCL DN @ 354.78 (Dur: 194.390815s)
[09:25:36.441026] BRICK: INTELLECT UP @ 671.33 (Dur: 12.858927s)
[09:25:38.242655] BRICK: APLAPOLLO UP @ 2153.31 (Dur: 300s)
[09:25:38.391134] BRICK: IOC DN @ 170.33 (Dur: 14.809035s)
[09:25:38.391134] BRICK: CSBBANK UP @ 374.36 (Dur: 300s)
[09:25:39.176571] BRICK: UJJIVANSFB UP @ 56.93 (Dur: 192.973778s)
[09:25:39.293579] BRICK: TATASTEEL UP @ 198.91 (Dur: 218.378763s)
[09:25:42.468658] BRICK: MRF UP @ 141982.83 (Dur: 185.275007s)
[09:25:42.776793] BRICK: TATAELXSI UP @ 4463.42 (Dur: 300s)
[09:25:43.641889] BRICK: SHRIRAMFIN UP @ 1050.57 (Dur: 175.973098s)
[09:25:44.281609] BRICK: KARURVYSYA UP @ 317.43 (Dur: 300s)
[09:25:44.426924] BRICK: INDHOTEL UP @ 626.75 (Dur: 300s)
[09:25:45.608453] BRICK: UNIONBANK UP @ 189.99 (Dur: 300s)
[09:25:45.608453] BRICK: VBL UP @ 453.37 (Dur: 22.026354s)
[09:25:45.608453] BRICK: ADANIENT UP @ 2085.72 (Dur: 300s)
[09:25:46.049494] BRICK: SBICARD UP @ 733.80 (Dur: 300s)
[09:25:46.196268] BRICK: NIFTY INFRA UP @ 9293.29 (Dur: 300s)
[09:25:47.855179] BRICK: PAYTM UP @ 1057.16 (Dur: 24.27308s)
[09:25:48.672931] BRICK: ASHOKLEY UP @ 201.33 (Dur: 300s)
[09:25:48.893641] BRICK: ABCAPITAL UP @ 330.17 (Dur: 252.090087s)
[09:25:48.893641] BRICK: MASTEK UP @ 1653.04 (Dur: 282.729991s)
[09:25:48.893641] BRICK: CEATLTD UP @ 3431.40 (Dur: 163.026152s)
[09:25:49.197475] BRICK: POONAWALLA UP @ 435.22 (Dur: 244.774003s)
[09:25:50.397372] BRICK: HUDCO UP @ 179.49 (Dur: 214.060731s)
[09:25:50.691922] BRICK: ASTRAL UP @ 1681.16 (Dur: 300s)
[09:25:51.591675] BRICK: JSWENERGY UP @ 488.91 (Dur: 28.009576s)
[09:25:52.193768] BRICK: SJVN UP @ 72.24 (Dur: 236.84903s)
[09:25:55.801047] BRICK: BHEL UP @ 260.84 (Dur: 234.454368s)
[09:25:56.095746] BRICK: KEC UP @ 554.72 (Dur: 289.328046s)
[09:25:57.892805] BRICK: BHARAT UP @ 1315.36 (Dur: 34.310706s)
[09:25:58.792277] BRICK: TATAPOWER UP @ 378.42 (Dur: 289.046262s)
[09:25:59.391900] BRICK: SHOPERSTOP UP @ 304.39 (Dur: 300s)
[09:25:59.572688] BRICK: BEL UP @ 467.15 (Dur: 242.932278s)
[09:26:00.961649] BRICK: IRFC UP @ 100.14 (Dur: 42.708744s)
[09:26:01.792372] BRICK: CESC UP @ 156.51 (Dur: 300s)
[09:26:03.336806] BRICK: BOSCHLTD UP @ 33341.08 (Dur: 163.092371s)
[09:26:03.893719] BRICK: JYOTHYLAB UP @ 250.21 (Dur: 300s)
[09:26:05.476561] BRICK: NESTLEIND UP @ 1249.36 (Dur: 300s)
[09:26:05.723399] BRICK: SOUTHBANK UP @ 40.31 (Dur: 300s)
[09:26:05.723399] BRICK: SIEMENS UP @ 3209.63 (Dur: 169.938231s)
[09:26:08.863188] BRICK: PETRONET UP @ 292.45 (Dur: 300s)
[09:26:09.013664] BRICK: CENTRALBK UP @ 37.63 (Dur: 300s)
[09:26:09.290229] BRICK: AIAENG UP @ 3610.54 (Dur: 300s)
[09:26:09.748025] BRICK: POLYCAB UP @ 8615.43 (Dur: 300s)
[09:26:09.900158] BRICK: INDIANB UP @ 948.19 (Dur: 300s)
[09:26:10.208871] BRICK: BIRLACORPN DN @ 887.13 (Dur: 272.311122s)
[09:26:10.658355] BRICK: NIFTY IT UP @ 30639.71 (Dur: 300s)
[09:26:19.201454] BRICK: ONGC DN @ 275.78 (Dur: 300s)
[09:26:22.489945] BRICK: BSE UP @ 2784.73 (Dur: 300s)
[09:26:22.792417] BRICK: FEDERALBNK UP @ 290.82 (Dur: 300s)
[09:26:23.014843] BRICK: HINDCOPPER DN @ 554.75 (Dur: 211.266114s)
[09:26:23.721941] BRICK: HCLTECH UP @ 1379.03 (Dur: 300s)
[09:26:28.488090] BRICK: BRITANNIA UP @ 5971.98 (Dur: 300s)
[09:26:31.190634] BRICK: LALPATHLAB UP @ 1350.40 (Dur: 300s)
[09:26:36.440026] BRICK: LICIHSGFIN UP @ 524.02 (Dur: 300s)
[09:26:38.088529] BRICK: KAYNES UP @ 3813.98 (Dur: 239.16093s)
[09:26:45.141915] BRICK: TANLA DN @ 259.50 (Dur: 209.891687s)
[09:26:48.935127] BRICK: AXISBANK DN @ 1339.30 (Dur: 300s)
[09:26:49.716718] BRICK: MARICO DN @ 785.78 (Dur: 211.981188s)
[09:26:51.595846] BRICK: NATCOPHARM DN @ 1016.17 (Dur: 300s)
[09:27:02.240723] BRICK: MANAPPURAM UP @ 269.88 (Dur: 279.745534s)
[09:27:03.450999] BRICK: VEDANTFASH DN @ 376.95 (Dur: 300s)
[09:27:04.189780] BRICK: NAUKRI UP @ 1020.75 (Dur: 300s)
[09:27:09.297466] BRICK: JSWENERGY UP @ 490.86 (Dur: 77.705791s)
[09:27:10.038961] BRICK: ADANITRANS UP @ 992.37 (Dur: 244.171074s)
[09:27:10.491535] BRICK: EIH DN @ 323.15 (Dur: 300s)
[09:27:12.739676] BRICK: VOLTAS UP @ 1485.79 (Dur: 300s)
[09:27:23.278297] BRICK: DRREDDY DN @ 1310.52 (Dur: 262.284662s)
[09:27:24.083907] BRICK: MCX DN @ 2574.59 (Dur: 300s)
[09:27:24.476770] BRICK: CANFINHOME DN @ 835.31 (Dur: 120.894671s)
[09:27:25.567108] BRICK: APLAPOLLO UP @ 2161.93 (Dur: 107.324453s)
[09:27:29.089145] BRICK: MANKIND DN @ 2219.43 (Dur: 250.328247s)
[09:27:51.299285] BRICK: BHARAT UP @ 1320.78 (Dur: 113.40648s)
[09:27:53.085892] BRICK: RELIANCE UP @ 1412.25 (Dur: 291.834952s)
[09:27:53.085892] BRICK: MAZDOCK UP @ 2464.55 (Dur: 149.503793s)
[09:27:57.172386] BRICK: PETRONET UP @ 293.61 (Dur: 108.309198s)
[09:27:57.393349] BRICK: NHPC UP @ 74.51 (Dur: 285.248451s)
[09:27:57.393349] BRICK: AMBUJACEM UP @ 479.91 (Dur: 300s)
[09:28:02.387282] BRICK: HAL UP @ 3930.47 (Dur: 158.070967s)
[09:28:03.137089] BRICK: NATCOPHARM UP @ 1020.25 (Dur: 71.541243s)
[09:28:04.040840] BRICK: ABB UP @ 5944.98 (Dur: 300s)
[09:28:05.290703] BRICK: KFINTECH UP @ 928.21 (Dur: 300s)
[09:28:05.290703] BRICK: JKBANK DN @ 122.09 (Dur: 161.708604s)
[09:28:05.838240] BRICK: EIH UP @ 324.47 (Dur: 55.346705s)
[09:28:08.093857] BRICK: SHOPERSTOP UP @ 305.63 (Dur: 128.701957s)
[09:28:12.305254] BRICK: TIINDIA DN @ 150.93 (Dur: 168.723155s)
[09:28:18.907373] BRICK: PNBHOUSING UP @ 794.76 (Dur: 180.576848s)
[09:28:19.222558] BRICK: MAZDOCK UP @ 2474.46 (Dur: 26.136666s)
[09:28:20.106700] BRICK: EQUITASBNK UP @ 58.89 (Dur: 149.450839s)
[09:28:20.106700] BRICK: EQUITASBNK UP @ 59.13 (Dur: 149.450839s)
[09:28:20.106700] BRICK: NATIONALUM UP @ 392.06 (Dur: 300s)
[09:28:21.437070] BRICK: RVNL UP @ 284.48 (Dur: 177.854971s)
[09:28:21.746136] BRICK: TATAPOWER UP @ 379.92 (Dur: 142.953859s)
[09:28:21.746791] BRICK: ADANIGREEN UP @ 889.66 (Dur: 178.164692s)
[09:28:31.484950] BRICK: KAYNES UP @ 3828.99 (Dur: 113.396421s)
[09:28:31.900421] BRICK: IDEA UP @ 10.29 (Dur: 300s)
[09:28:32.238295] BRICK: NYKAA UP @ 261.83 (Dur: 300s)
[09:28:32.696522] BRICK: EXIDEIND UP @ 321.96 (Dur: 300s)
[09:28:33.003273] BRICK: KEC UP @ 556.91 (Dur: 78.4537635s)
[09:28:33.003273] BRICK: KEC UP @ 559.11 (Dur: 78.4537635s)
[09:28:33.886316] BRICK: MOTILALOFS UP @ 730.46 (Dur: 300s)
[09:28:35.235704] BRICK: SUZLON UP @ 40.57 (Dur: 191.653605s)
[09:28:39.141447] BRICK: BHARATFORG UP @ 1900.31 (Dur: 300s)
[09:28:39.590322] BRICK: ZOMATO UP @ 242.52 (Dur: 300s)
[09:28:41.690645] BRICK: BEL UP @ 469.03 (Dur: 162.117957s)
[09:28:41.852337] BRICK: IRFC UP @ 100.53 (Dur: 160.890688s)
[09:28:42.141128] BRICK: TECHM UP @ 1356.70 (Dur: 300s)
[09:28:42.141128] BRICK: TATAMOTORS UP @ 354.01 (Dur: 300s)
[09:28:42.439664] BRICK: VBL UP @ 455.16 (Dur: 176.831211s)
[09:28:42.587182] BRICK: ICICIBANK UP @ 1325.90 (Dur: 300s)
[09:28:43.189194] BRICK: SHOPERSTOP UP @ 306.88 (Dur: 35.095337s)
[09:28:44.126140] BRICK: GAIL UP @ 155.26 (Dur: 300s)
[09:28:46.195104] BRICK: INDHOTEL UP @ 629.25 (Dur: 181.76818s)
[09:28:46.486530] BRICK: BHARAT UP @ 1326.19 (Dur: 55.187245s)
[09:28:46.846543] BRICK: HINDCOPPER UP @ 556.99 (Dur: 143.8317s)
[09:28:47.278895] BRICK: DMART UP @ 3862.62 (Dur: 300s)
[09:28:47.387781] BRICK: HEROMOTOCO UP @ 5553.15 (Dur: 300s)
[09:28:48.032851] BRICK: SIEMENS UP @ 3222.70 (Dur: 162.309452s)
[09:28:48.146201] BRICK: EIH UP @ 325.78 (Dur: 42.307961s)
[09:28:49.040268] BRICK: CHOLAFIN UP @ 1667.67 (Dur: 300s)
[09:28:49.206066] BRICK: APLAPOLLO UP @ 2170.54 (Dur: 83.638958s)
[09:28:49.980270] BRICK: RECLTD UP @ 346.69 (Dur: 300s)
[09:28:51.050748] BRICK: HAL UP @ 3946.57 (Dur: 48.663466s)
[09:28:51.587578] BRICK: TATAPOWER UP @ 381.42 (Dur: 29.841442s)
[09:28:52.199634] BRICK: KAYNES UP @ 3844.00 (Dur: 20.714684s)
[09:28:53.107266] BRICK: CDSL UP @ 1245.42 (Dur: 204.429623s)
[09:28:53.912975] BRICK: CONCOR UP @ 482.73 (Dur: 300s)
[09:28:54.024377] BRICK: ELECON UP @ 407.09 (Dur: 204.613165s)
[09:28:54.313175] BRICK: INTELLECT UP @ 674.05 (Dur: 197.872149s)
[09:28:56.245329] BRICK: DELHIVERY UP @ 430.48 (Dur: 300s)
[09:28:58.462575] BRICK: ADANITRANS UP @ 996.35 (Dur: 108.423614s)
[09:29:03.040303] BRICK: NIACL UP @ 139.13 (Dur: 300s)
[09:29:03.444721] BRICK: YESBANK UP @ 20.35 (Dur: 300s)
[09:29:07.496367] BRICK: ACC UP @ 1523.60 (Dur: 300s)
[09:29:07.664985] BRICK: ADANIGREEN UP @ 893.11 (Dur: 45.918194s)
[09:29:13.961903] BRICK: MANAPPURAM DN @ 268.83 (Dur: 131.72118s)
[09:29:14.993634] BRICK: TIINDIA UP @ 151.53 (Dur: 62.68838s)
[09:29:18.734955] BRICK: MAZDOCK DN @ 2464.55 (Dur: 59.512397s)
[09:29:20.987146] BRICK: ATGL UP @ 489.60 (Dur: 300s)
[09:29:21.437109] BRICK: ELECON UP @ 408.72 (Dur: 27.412732s)
[09:29:21.437109] INFERENCE: ELECON | Brain1 (PROB): 0.7426 | Brain2 (CONV): 4.4 | Signal: SHORT
[09:29:21.437109] [DROP] ELECON: Low Conv (4.40 < 20)
[09:29:22.233379] BRICK: JSWSTEEL UP @ 1240.64 (Dur: 300s)
[09:29:22.635324] BRICK: EQUITASBNK UP @ 59.36 (Dur: 62.528624s)
[09:29:24.158484] BRICK: COALINDIA DN @ 443.18 (Dur: 300s)
[09:29:24.440386] BRICK: TATACONSUM UP @ 1123.38 (Dur: 240.858287s)
[09:29:31.341739] BRICK: SOUTHBANK UP @ 40.47 (Dur: 205.61834s)
[09:29:39.527512] BRICK: EQUITASBNK UP @ 59.60 (Dur: 16.892188s)
[09:29:39.527512] INFERENCE: EQUITASBNK | Brain1 (PROB): 0.7350 | Brain2 (CONV): 4.8 | Signal: SHORT
[09:29:39.527512] [DROP] EQUITASBNK: Low Conv (4.81 < 20)
[09:29:39.639910] BRICK: RVNL UP @ 285.63 (Dur: 78.20284s)
[09:29:39.737032] BRICK: SBILIFE UP @ 1934.78 (Dur: 300s)
[09:29:42.603975] BRICK: DCBBANK UP @ 175.82 (Dur: 252.142722s)
[09:29:42.888591] BRICK: DIVISLAB UP @ 6414.89 (Dur: 300s)
[09:29:47.686567] BRICK: APOLLOHOSP UP @ 7775.08 (Dur: 300s)
[09:29:50.079590] BRICK: ZOMATO DN @ 241.58 (Dur: 70.489268s)
[09:29:50.391197] BRICK: MFSL UP @ 1747.86 (Dur: 300s)
[09:29:54.307625] BRICK: PFC UP @ 421.73 (Dur: 270.725526s)
[09:29:55.795728] BRICK: PAGEIND UP @ 31454.12 (Dur: 300s)
[09:29:56.535986] BRICK: IRFC UP @ 100.93 (Dur: 74.683649s)
[09:29:56.986921] BRICK: WIPRO UP @ 198.75 (Dur: 300s)
[09:30:00.885751] BRICK: HAVELLS UP @ 1355.27 (Dur: 300s)
[09:30:04.952624] BRICK: ZYDUSLIFE UP @ 919.17 (Dur: 300s)
[09:30:04.952624] BRICK: TVSMOTOR UP @ 3819.94 (Dur: 300s)
[09:30:05.104474] BRICK: PERSISTENT DN @ 4791.09 (Dur: 300s)
[09:30:09.283938] BRICK: GRINDWELL UP @ 1563.57 (Dur: 300s)
[09:30:09.745687] BRICK: LTIM UP @ 4384.15 (Dur: 300s)
[09:30:15.940254] BRICK: PNB UP @ 121.83 (Dur: 300s)
[09:30:17.239985] BRICK: ESCORTS UP @ 3371.66 (Dur: 300s)
[09:30:17.834502] BRICK: DEVYANI UP @ 1205.11 (Dur: 300s)
[09:30:22.694711] BRICK: CESC UP @ 157.12 (Dur: 260.902339s)
[09:30:22.947790] BRICK: NHPC UP @ 74.80 (Dur: 145.554441s)
[09:30:29.531382] BRICK: BHARAT UP @ 1331.61 (Dur: 103.044852s)
[09:30:31.136530] BRICK: METROBRAND UP @ 981.98 (Dur: 300s)
[09:30:35.835698] BRICK: TATAELXSI UP @ 4480.74 (Dur: 293.058905s)
[09:30:37.337350] BRICK: RVNL UP @ 286.77 (Dur: 57.69744s)
[09:30:39.590880] BRICK: EIH DN @ 324.47 (Dur: 111.444679s)
[09:30:41.542784] BRICK: UJJIVANSFB UP @ 57.15 (Dur: 300s)
[09:30:43.491833] BRICK: POLICYBZR DN @ 1443.00 (Dur: 300s)
[09:30:44.836653] BRICK: BATAINDIA UP @ 746.35 (Dur: 300s)
[09:30:47.244509] BRICK: JSWENERGY UP @ 492.82 (Dur: 217.947043s)
[09:30:48.287102] BRICK: MAZDOCK UP @ 2474.46 (Dur: 89.552147s)
[09:30:52.485790] BRICK: ELECON UP @ 410.36 (Dur: 91.048681s)
[09:30:52.485790] INFERENCE: ELECON | Brain1 (PROB): 0.7070 | Brain2 (CONV): 4.9 | Signal: SHORT
[09:30:52.485790] [DROP] ELECON: Wick Pressure Cut (0.49)
[09:30:52.934452] BRICK: GUJGASLTD UP @ 395.87 (Dur: 300s)
[09:30:55.185846] BRICK: AXISBANK DN @ 1334.03 (Dur: 246.250719s)
[09:30:55.942922] BRICK: CONCOR UP @ 484.65 (Dur: 122.029947s)
[09:30:56.998157] BRICK: INDHOTEL DN @ 626.75 (Dur: 130.803053s)
[09:30:58.693179] BRICK: SRF UP @ 2598.38 (Dur: 300s)
[09:31:03.582133] BRICK: TATAPOWER UP @ 382.92 (Dur: 131.994555s)
[09:31:07.344581] BRICK: BHARAT UP @ 1337.02 (Dur: 37.813199s)
[09:31:08.390185] BRICK: TANLA UP @ 260.56 (Dur: 263.24827s)
[09:31:09.884336] BRICK: RATNAMANI UP @ 2402.63 (Dur: 300s)
[09:31:11.866883] BRICK: ADANIGREEN DN @ 889.66 (Dur: 124.201898s)
[09:31:12.297154] BRICK: CROMPTON UP @ 251.12 (Dur: 300s)
[09:31:15.284471] BRICK: RVNL UP @ 287.91 (Dur: 37.947121s)
[09:31:16.632249] BRICK: MCDOWELL UP @ 1328.75 (Dur: 300s)
[09:31:19.419983] BRICK: APOLLOTYRE DN @ 441.86 (Dur: 300s)
[09:31:20.085830] BRICK: ELECON UP @ 411.99 (Dur: 27.60004s)
[09:31:20.085830] INFERENCE: ELECON | Brain1 (PROB): 0.7592 | Brain2 (CONV): 4.5 | Signal: SHORT
[09:31:20.085830] [DROP] ELECON: Low Conv (4.50 < 20)
[09:31:21.597474] BRICK: NAUKRI DN @ 1016.83 (Dur: 257.407694s)
[09:31:26.532319] BRICK: KOTAKBANK DN @ 404.98 (Dur: 300s)
[09:31:27.434510] BRICK: MAZDOCK UP @ 2484.37 (Dur: 39.147408s)
[09:31:27.742606] BRICK: AJANTPHARM UP @ 3017.39 (Dur: 300s)
[09:31:30.434296] BRICK: SHOPERSTOP UP @ 308.12 (Dur: 167.245102s)
[09:31:40.687886] BRICK: ELECON UP @ 413.62 (Dur: 20.602056s)
[09:31:40.687886] INFERENCE: ELECON | Brain1 (PROB): 0.7184 | Brain2 (CONV): 4.6 | Signal: SHORT
[09:31:40.687886] [DROP] ELECON: Low Conv (4.59 < 20)
[09:31:40.687886] BRICK: DIXON UP @ 10248.41 (Dur: 300s)
[09:31:43.037490] BRICK: BHARATFORG UP @ 1907.97 (Dur: 183.896043s)
[09:31:44.091477] BRICK: HUDCO UP @ 180.19 (Dur: 300s)
[09:31:48.136611] BRICK: ZOMATO DN @ 240.65 (Dur: 118.057021s)
[09:31:57.434080] BRICK: BHARAT UP @ 1342.44 (Dur: 50.089499s)
[09:31:59.685670] BRICK: TRENT UP @ 3819.53 (Dur: 300s)
[09:32:07.786361] BRICK: HCLTECH DN @ 1373.60 (Dur: 300s)
[09:32:13.034511] BRICK: BANDHANBNK DN @ 183.07 (Dur: 300s)
[09:32:15.890821] BRICK: IRFC UP @ 101.33 (Dur: 139.354835s)
[09:32:16.783298] BRICK: SJVN UP @ 72.52 (Dur: 300s)
[09:32:17.092739] BRICK: TORNTPOWER UP @ 1495.62 (Dur: 300s)
[09:32:17.092739] BRICK: SUNDRMFAST UP @ 857.10 (Dur: 300s)
[09:32:19.788356] BRICK: IDEA UP @ 10.34 (Dur: 227.887935s)
[09:32:20.730779] BRICK: ELECON UP @ 415.26 (Dur: 40.042893s)
[09:32:20.730779] INFERENCE: ELECON | Brain1 (PROB): 0.7405 | Brain2 (CONV): 4.3 | Signal: SHORT
[09:32:20.730779] [DROP] ELECON: Wick Pressure Cut (0.45)
[09:32:22.208111] BRICK: IRFC UP @ 101.73 (Dur: 6.31729s)
[09:32:24.143375] BRICK: TATACOMM UP @ 1456.91 (Dur: 300s)
[09:32:25.346090] BRICK: RVNL UP @ 289.05 (Dur: 70.061619s)
[09:32:26.858022] BRICK: CANBK UP @ 148.68 (Dur: 300s)
[09:32:27.136828] BRICK: ATGL UP @ 491.53 (Dur: 186.149682s)
[09:32:29.833591] BRICK: CSBBANK UP @ 375.86 (Dur: 300s)
[09:32:30.583752] BRICK: UJJIVANSFB UP @ 57.37 (Dur: 109.040968s)
[09:32:33.761691] BRICK: ANGELONE DN @ 226.48 (Dur: 300s)
[09:32:34.935488] BRICK: KALPATPOWR DN @ 1139.22 (Dur: 300s)
[09:32:35.399979] BRICK: LALPATHLAB UP @ 1355.82 (Dur: 300s)
[09:32:37.633669] BRICK: RAMCOCEM UP @ 1096.71 (Dur: 300s)
[09:32:41.366116] BRICK: KEC DN @ 556.91 (Dur: 248.362843s)
[09:32:42.930838] BRICK: INFY DN @ 1317.56 (Dur: 300s)
[09:32:47.394257] BRICK: MANAPPURAM DN @ 267.78 (Dur: 213.432354s)
[09:32:54.438604] BRICK: IRFC DN @ 101.33 (Dur: 32.230493s)
[09:32:54.438604] INFERENCE: IRFC | Brain1 (PROB): 0.7051 | Brain2 (CONV): 3.9 | Signal: SHORT
[09:32:54.438604] [DROP] IRFC: Low Conv (3.89 < 20)
[09:32:57.134259] BRICK: MAZDOCK DN @ 2474.46 (Dur: 89.699749s)
[09:32:58.656030] BRICK: ZYDUSWELL UP @ 382.26 (Dur: 300s)
[09:32:59.530151] BRICK: HUDCO UP @ 180.89 (Dur: 75.438674s)
[09:33:07.197515] BRICK: SIEMENS UP @ 3235.77 (Dur: 259.164664s)
[09:33:14.832640] BRICK: CEATLTD DN @ 3417.56 (Dur: 300s)
[09:33:18.743633] BRICK: ICICIBANK UP @ 1331.15 (Dur: 276.156451s)
[09:33:21.283521] BRICK: NTPC UP @ 382.43 (Dur: 300s)
[09:33:27.213837] BRICK: BANDHANBNK UP @ 183.80 (Dur: 74.179326s)
[09:33:28.793728] BRICK: KEC DN @ 554.72 (Dur: 47.427612s)
[09:33:34.781965] BRICK: BATAINDIA UP @ 749.32 (Dur: 169.945312s)
[09:33:36.739927] BRICK: EQUITASBNK UP @ 59.84 (Dur: 79.070805s)
[09:33:36.739927] BRICK: EQUITASBNK UP @ 60.08 (Dur: 79.070805s)
[09:33:36.739927] BRICK: EQUITASBNK UP @ 60.32 (Dur: 79.070805s)
[09:33:41.980180] BRICK: LTTS DN @ 3289.20 (Dur: 300s)
[09:33:43.332741] BRICK: EQUITASBNK DN @ 60.08 (Dur: 6.592814s)
[09:33:43.332741] INFERENCE: EQUITASBNK | Brain1 (PROB): 0.7073 | Brain2 (CONV): 3.9 | Signal: SHORT
[09:33:43.332741] [DROP] EQUITASBNK: Wick Pressure Cut (0.63)
[09:33:48.144988] BRICK: BANKBARODA UP @ 297.58 (Dur: 300s)
[09:33:50.830905] BRICK: JSWENERGY UP @ 494.77 (Dur: 183.586396s)
[09:33:52.780151] BRICK: TATACOMM DN @ 1451.03 (Dur: 88.636776s)
[09:33:55.783220] BRICK: POONAWALLA DN @ 433.52 (Dur: 300s)
[09:34:01.181620] BRICK: BHARAT UP @ 1347.85 (Dur: 123.74754s)
[09:34:01.782613] BRICK: MAZDOCK UP @ 2484.37 (Dur: 64.648354s)
[09:34:02.830471] BRICK: M&MFIN DN @ 365.61 (Dur: 300s)
[09:34:05.236822] BRICK: NIFTY ENERGY UP @ 36494.62 (Dur: 300s)
[09:34:09.431308] BRICK: LAURUSLABS DN @ 1045.22 (Dur: 300s)
[09:34:11.235991] BRICK: DEVYANI DN @ 1200.31 (Dur: 233.401489s)
[09:34:12.142127] BRICK: NIFTY IT DN @ 30518.95 (Dur: 300s)
[09:34:15.740546] BRICK: AUROPHARMA DN @ 1229.70 (Dur: 300s)
[09:34:16.479638] BRICK: KPITTECH DN @ 1193.52 (Dur: 300s)
[09:34:19.678233] BRICK: SIEMENS UP @ 3248.83 (Dur: 72.480718s)
[09:34:20.079107] BRICK: PERSISTENT DN @ 4772.00 (Dur: 254.974633s)
[09:34:23.230294] BRICK: FEDERALBNK DN @ 289.67 (Dur: 300s)
[09:34:24.429322] BRICK: MOTILALOFS DN @ 727.60 (Dur: 300s)
[09:34:28.930681] BRICK: COFORGE DN @ 1174.25 (Dur: 300s)
[09:34:31.028323] BRICK: CANFINHOME DN @ 832.01 (Dur: 300s)
[09:34:32.828188] BRICK: UJJIVANSFB DN @ 57.15 (Dur: 122.244436s)
[09:34:34.488270] BRICK: HINDPETRO DN @ 414.74 (Dur: 300s)
[09:34:36.580663] BRICK: POWERGRID UP @ 300.60 (Dur: 300s)
[09:34:42.129306] BRICK: MOTHERSON DN @ 125.45 (Dur: 300s)
[09:34:42.880959] BRICK: SHRIRAMFIN DN @ 1046.53 (Dur: 300s)
[09:34:43.631208] BRICK: HEROMOTOCO DN @ 5531.07 (Dur: 300s)
[09:34:44.103927] BRICK: LTIM DN @ 4367.00 (Dur: 274.35824s)
[09:34:44.230430] BRICK: LTFH DN @ 275.20 (Dur: 300s)
[09:34:45.431715] BRICK: TECHM DN @ 1351.35 (Dur: 300s)
[09:34:49.041093] BRICK: PETRONET DN @ 292.45 (Dur: 300s)
[09:34:51.130319] BRICK: JYOTHYLAB UP @ 251.19 (Dur: 300s)
[09:34:56.585750] BRICK: HINDPETRO DN @ 413.12 (Dur: 22.09748s)
[09:34:56.585750] INFERENCE: HINDPETRO | Brain1 (PROB): 0.7432 | Brain2 (CONV): 6.7 | Signal: LONG
[09:34:56.585750] [DROP] HINDPETRO: Low Conv (6.69 < 20)
[09:34:57.302370] BRICK: DELHIVERY DN @ 428.79 (Dur: 300s)
[09:34:57.589463] BRICK: ESCORTS DN @ 3358.54 (Dur: 280.349478s)
[09:35:01.181721] BRICK: TATAPOWER UP @ 384.42 (Dur: 237.599588s)
[09:35:02.446660] BRICK: BPCL DN @ 353.37 (Dur: 300s)
[09:35:06.436688] BRICK: TVSMOTOR DN @ 3804.84 (Dur: 300s)
[09:35:06.579454] BRICK: SBILIFE DN @ 1927.00 (Dur: 300s)
[09:35:09.280671] BRICK: MAHABANK DN @ 70.65 (Dur: 300s)
[09:35:09.579039] BRICK: BAJAJCON DN @ 369.49 (Dur: 300s)
[09:35:10.051685] BRICK: M&M DN @ 3331.75 (Dur: 300s)
[09:35:10.495108] BRICK: POLICYBZR DN @ 1437.28 (Dur: 267.003275s)
[09:35:10.635929] BRICK: KALPATPOWR DN @ 1134.71 (Dur: 155.700441s)
[09:35:11.156299] BRICK: UJJIVANSFB DN @ 56.93 (Dur: 38.328111s)
[09:35:14.087466] BRICK: ZYDUSLIFE DN @ 915.52 (Dur: 300s)
[09:35:17.419439] BRICK: KAYNES DN @ 3828.99 (Dur: 300s)
[09:35:18.128618] BRICK: HINDCOPPER DN @ 554.75 (Dur: 300s)
[09:35:18.277924] BRICK: INDHOTEL DN @ 624.25 (Dur: 261.279767s)
[09:35:18.727652] BRICK: INTELLECT DN @ 671.33 (Dur: 300s)
[09:35:19.644245] BRICK: NATIONALUM DN @ 390.47 (Dur: 300s)
[09:35:21.431922] BRICK: INDIACEM DN @ 391.95 (Dur: 300s)
[09:35:21.581848] BRICK: TATACONSUM DN @ 1118.91 (Dur: 300s)
[09:35:21.731959] BRICK: SUNDRMFAST DN @ 853.70 (Dur: 184.63922s)
[09:35:22.043607] BRICK: RVNL DN @ 287.91 (Dur: 176.697517s)
[09:35:24.730611] BRICK: ASHOKLEY DN @ 200.55 (Dur: 300s)
[09:35:24.940406] BRICK: GODREJCP DN @ 1125.30 (Dur: 300s)
[09:35:25.046511] BRICK: MASTEK DN @ 1646.80 (Dur: 300s)
[09:35:25.217788] BRICK: ATGL DN @ 489.60 (Dur: 178.08096s)
[09:35:25.652367] BRICK: MAZDOCK UP @ 2494.28 (Dur: 83.869754s)
[09:35:25.950164] BRICK: MOIL DN @ 294.42 (Dur: 300s)
[09:35:28.177276] BRICK: RADICO DN @ 2552.58 (Dur: 300s)
[09:35:28.630231] BRICK: UBL UP @ 1669.80 (Dur: 300s)
[09:35:30.129797] BRICK: NTPC UP @ 383.95 (Dur: 128.846276s)
[09:35:32.077235] BRICK: RELIANCE UP @ 1417.87 (Dur: 300s)
[09:35:32.554146] BRICK: METROBRAND DN @ 978.07 (Dur: 300s)
[09:35:32.978893] BRICK: VEDL DN @ 709.78 (Dur: 300s)
[09:35:33.315629] BRICK: BSE DN @ 2773.72 (Dur: 300s)
[09:35:39.429425] BRICK: ELECON DN @ 413.62 (Dur: 198.698646s)
[09:35:39.576032] BRICK: ICICIGI UP @ 1873.51 (Dur: 300s)
[09:35:41.378166] BRICK: ANGELONE DN @ 225.60 (Dur: 187.616475s)
[09:35:42.726010] BRICK: TATACOMM UP @ 1456.91 (Dur: 109.945859s)
[09:35:45.280903] BRICK: CESC UP @ 157.73 (Dur: 300s)
[09:35:45.882943] BRICK: BAJAJCON DN @ 368.00 (Dur: 36.303904s)
[09:35:46.051413] BRICK: LTTS DN @ 3276.53 (Dur: 124.071233s)
[09:35:46.490589] BRICK: JKBANK DN @ 121.61 (Dur: 300s)
[09:35:47.388580] BRICK: UJJIVANSFB DN @ 56.70 (Dur: 36.232281s)
[09:35:57.280982] BRICK: CANBK DN @ 148.10 (Dur: 210.42296s)
[09:35:59.380257] BRICK: BAJAJCON DN @ 366.51 (Dur: 13.497314s)
[09:35:59.984432] BRICK: JSWINFRA UP @ 269.29 (Dur: 300s)
[09:36:02.389236] BRICK: MAZDOCK DN @ 2484.37 (Dur: 36.736869s)
[09:36:05.382258] BRICK: POLICYBZR UP @ 1443.00 (Dur: 54.88715s)
[09:36:06.177881] BRICK: BHARAT DN @ 1342.44 (Dur: 124.996261s)
[09:36:08.095061] BRICK: JBCHEPHARM DN @ 2065.97 (Dur: 300s)
[09:36:12.613294] BRICK: MRF DN @ 141428.27 (Dur: 300s)
[09:36:13.480249] BRICK: IGL DN @ 157.98 (Dur: 300s)
[09:36:13.796039] BRICK: PIIND UP @ 3123.81 (Dur: 300s)
[09:36:25.634700] BRICK: MUTHOOTFIN DN @ 3302.22 (Dur: 300s)
[09:36:33.428137] BRICK: DCBBANK DN @ 175.13 (Dur: 300s)
[09:36:42.127319] BRICK: BHARAT DN @ 1337.02 (Dur: 35.949438s)
[09:36:45.771717] BRICK: GUJGASLTD DN @ 394.29 (Dur: 300s)
[09:36:46.026288] BRICK: AJANTPHARM DN @ 3005.40 (Dur: 300s)
[09:36:51.439937] BRICK: MANAPPURAM DN @ 266.73 (Dur: 244.04568s)
[09:36:59.983531] BRICK: CANFINHOME DN @ 828.70 (Dur: 148.955208s)
[09:37:02.127615] BRICK: TORNTPOWER UP @ 1501.56 (Dur: 285.034876s)
[09:37:02.127615] BRICK: SHOPERSTOP DN @ 306.88 (Dur: 300s)
[09:37:06.884297] BRICK: EQUITASBNK UP @ 60.32 (Dur: 203.551556s)
[09:37:08.528846] BRICK: RECLTD UP @ 348.04 (Dur: 300s)
[09:37:11.526227] BRICK: KAYNES UP @ 3844.00 (Dur: 114.106788s)
[09:37:13.477533] BRICK: GODREJIND DN @ 936.00 (Dur: 300s)
[09:37:15.875677] BRICK: TATACOMM UP @ 1462.78 (Dur: 93.149667s)
[09:37:24.126351] BRICK: RVNL UP @ 289.05 (Dur: 122.082744s)
[09:37:24.277510] BRICK: MRF DN @ 140873.72 (Dur: 71.664216s)
[09:37:28.925060] BRICK: SJVN UP @ 72.80 (Dur: 300s)
[09:37:30.876028] BRICK: VEDL UP @ 712.66 (Dur: 117.897135s)
[09:37:32.975776] BRICK: KEC DN @ 552.53 (Dur: 244.182048s)
[09:37:34.177461] BRICK: EQUITASBNK UP @ 60.56 (Dur: 27.293164s)
[09:37:34.177461] INFERENCE: EQUITASBNK | Brain1 (PROB): 0.7499 | Brain2 (CONV): 3.3 | Signal: SHORT
[09:37:34.177461] [DROP] EQUITASBNK: Low Conv (3.26 < 20)
[09:37:35.828415] BRICK: UJJIVANSFB UP @ 56.93 (Dur: 108.439835s)
[09:37:37.144336] BRICK: TATASTEEL UP @ 199.70 (Dur: 300s)
[09:37:39.434691] BRICK: BHEL UP @ 261.87 (Dur: 300s)
[09:37:46.623760] BRICK: LICI UP @ 833.09 (Dur: 300s)
[09:37:48.725981] BRICK: SUZLON UP @ 40.73 (Dur: 300s)
[09:37:50.825602] BRICK: COALINDIA UP @ 444.95 (Dur: 300s)
[09:37:58.174299] BRICK: NIFTY METAL UP @ 12020.90 (Dur: 300s)
[09:38:10.784688] BRICK: ZOMATO DN @ 239.72 (Dur: 300s)
[09:38:12.574773] BRICK: SRF UP @ 2608.90 (Dur: 300s)
[09:38:12.878808] BRICK: BAJAJCON UP @ 368.00 (Dur: 133.498551s)
[09:38:16.188615] BRICK: WHIRLPOOL DN @ 905.58 (Dur: 300s)
[09:38:21.427580] BRICK: BHEL UP @ 262.91 (Dur: 41.992889s)
[09:38:22.330004] BRICK: SJVN UP @ 73.09 (Dur: 53.404944s)
[09:38:24.884161] BRICK: HINDALCO UP @ 951.98 (Dur: 300s)
[09:38:25.338692] BRICK: NMDC UP @ 79.36 (Dur: 300s)
[09:38:26.526404] BRICK: RVNL UP @ 290.20 (Dur: 62.400053s)
[09:38:33.125965] BRICK: TORNTPHARM DN @ 4345.06 (Dur: 300s)
[09:38:35.075304] BRICK: SUZLON UP @ 40.89 (Dur: 46.349323s)
[09:38:35.672709] BRICK: VBL DN @ 453.37 (Dur: 300s)
[09:38:44.397381] BRICK: IRFC UP @ 101.73 (Dur: 300s)
[09:38:45.426887] BRICK: LAURUSLABS DN @ 1041.11 (Dur: 275.995579s)
[09:38:46.176945] BRICK: JKBANK UP @ 122.09 (Dur: 179.686356s)
[09:38:47.974775] BRICK: ROUTE DN @ 485.09 (Dur: 300s)
[09:38:49.324165] BRICK: WELCORP UP @ 826.68 (Dur: 300s)
[09:38:51.428317] BRICK: CESC UP @ 158.35 (Dur: 186.147414s)
[09:38:53.233768] BRICK: RVNL UP @ 291.34 (Dur: 26.707364s)
[09:38:55.932795] BRICK: HDFCLIFE DN @ 675.45 (Dur: 300s)
[09:39:00.154333] BRICK: INDUSINDBK DN @ 937.35 (Dur: 300s)
[09:39:05.524045] BRICK: BATAINDIA DN @ 746.35 (Dur: 300s)
[09:39:07.187812] BRICK: PGHH DN @ 11128.94 (Dur: 300s)
[09:39:09.753238] BRICK: MCDOWELL DN @ 1323.18 (Dur: 300s)
[09:39:12.736328] BRICK: DIXON UP @ 10288.43 (Dur: 300s)
[09:39:13.484773] BRICK: AJANTPHARM UP @ 3017.39 (Dur: 147.458485s)
[09:39:14.520779] BRICK: PFIZER UP @ 4875.55 (Dur: 300s)
[09:39:15.723073] BRICK: UJJIVANSFB DN @ 56.70 (Dur: 99.894658s)
[09:39:19.172269] BRICK: UNIONBANK UP @ 190.74 (Dur: 300s)
[09:39:20.084397] BRICK: JSWENERGY DN @ 492.82 (Dur: 300s)
[09:39:37.476304] BRICK: RVNL DN @ 290.20 (Dur: 44.242536s)
[09:39:40.174401] BRICK: PAGEIND DN @ 31327.80 (Dur: 300s)
[09:39:47.222540] BRICK: HDFCAMC DN @ 2537.27 (Dur: 300s)
[09:39:59.531369] BRICK: DRREDDY DN @ 1305.30 (Dur: 300s)
[09:40:08.087083] BRICK: EQUITASBNK DN @ 60.32 (Dur: 76.954811s)
[09:40:08.087083] BRICK: EQUITASBNK DN @ 60.08 (Dur: 76.954811s)
[09:40:12.123091] BRICK: BHARAT UP @ 1342.44 (Dur: 209.995772s)
[09:40:12.569881] BRICK: SIEMENS UP @ 3261.90 (Dur: 300s)
[09:40:12.728569] BRICK: IDEA DN @ 10.29 (Dur: 300s)
[09:40:20.682823] BRICK: MGL DN @ 1073.45 (Dur: 300s)
[09:40:21.122894] BRICK: BIRLACORPN DN @ 883.67 (Dur: 300s)
[09:40:26.980174] BRICK: POONAWALLA DN @ 431.83 (Dur: 300s)
[09:40:34.020058] BRICK: ELECON DN @ 411.99 (Dur: 294.590633s)
[09:40:40.626425] BRICK: KEC DN @ 550.34 (Dur: 187.650649s)
[09:40:46.780012] BRICK: CEATLTD DN @ 3403.73 (Dur: 300s)
[09:40:47.970375] BRICK: HINDPETRO DN @ 411.50 (Dur: 300s)
[09:40:49.771466] BRICK: BIRLASOFT DN @ 152.18 (Dur: 300s)
[09:40:50.680448] BRICK: TATACOMM UP @ 1468.66 (Dur: 214.804771s)
[09:40:53.527803] BRICK: KOTAKBANK DN @ 403.38 (Dur: 300s)
[09:41:03.276477] BRICK: CAMS DN @ 657.09 (Dur: 300s)
[09:41:04.183347] BRICK: EQUITASBNK UP @ 60.32 (Dur: 56.096264s)
[09:41:14.542887] BRICK: KALPATPOWR DN @ 1130.21 (Dur: 300s)
[09:41:23.531448] BRICK: TORNTPOWER DN @ 1495.62 (Dur: 261.403833s)
[09:41:27.721875] BRICK: BHARAT DN @ 1337.02 (Dur: 75.598784s)
[09:41:27.871519] BRICK: EIH DN @ 323.15 (Dur: 300s)
[09:41:28.321274] BRICK: CHOLAFIN DN @ 1661.19 (Dur: 300s)
[09:41:34.471423] BRICK: MAZDOCK UP @ 2494.28 (Dur: 300s)
[09:41:36.130794] BRICK: SJVN DN @ 72.80 (Dur: 193.80079s)
[09:41:39.572461] BRICK: NESTLEIND DN @ 1244.34 (Dur: 300s)
[09:41:47.223257] BRICK: MAZDOCK UP @ 2504.19 (Dur: 12.751834s)
[09:41:49.276124] BRICK: CSBBANK DN @ 374.36 (Dur: 300s)
[09:41:54.271620] BRICK: MANKIND DN @ 2210.69 (Dur: 300s)
[09:41:54.422626] BRICK: BHARAT UP @ 1342.44 (Dur: 26.700751s)
[09:42:00.297282] BRICK: ELECON UP @ 413.62 (Dur: 86.277224s)
[09:42:04.170698] BRICK: RATNAMANI DN @ 2393.05 (Dur: 300s)
[09:42:14.520790] BRICK: BIRLACORPN DN @ 880.21 (Dur: 113.397896s)
[09:42:14.896739] BRICK: LUPIN DN @ 2354.70 (Dur: 300s)
[09:42:15.124211] BRICK: JUBLFOOD DN @ 499.95 (Dur: 300s)
[09:42:16.620961] BRICK: VBL DN @ 451.58 (Dur: 220.948252s)
[09:42:27.721361] BRICK: MPHASIS DN @ 2270.23 (Dur: 300s)
[09:42:29.367415] BRICK: BIRLASOFT DN @ 151.58 (Dur: 99.595949s)
[09:42:30.720177] BRICK: MAZDOCK UP @ 2514.10 (Dur: 43.49692s)
[09:42:45.419382] BRICK: IDEA DN @ 10.25 (Dur: 152.690813s)
[09:42:45.570595] BRICK: PETRONET UP @ 293.61 (Dur: 300s)
[09:42:52.325200] BRICK: CONCOR UP @ 486.57 (Dur: 300s)
[09:42:58.339185] BRICK: TCS DN @ 2606.50 (Dur: 300s)
[09:42:58.636895] BRICK: MANAPPURAM UP @ 267.78 (Dur: 300s)
[09:43:00.136696] BRICK: EIH UP @ 324.47 (Dur: 92.265177s)
[09:43:01.017047] BRICK: NIACL UP @ 139.69 (Dur: 300s)
[09:43:05.082865] BRICK: BATAINDIA UP @ 749.32 (Dur: 239.55882s)
[09:43:05.700158] BRICK: HINDPETRO UP @ 413.12 (Dur: 137.729783s)
[09:43:06.720773] BRICK: NATIONALUM UP @ 392.06 (Dur: 300s)
[09:43:11.524868] BRICK: CANBK UP @ 148.68 (Dur: 300s)
[09:43:12.279182] BRICK: ELECON UP @ 415.26 (Dur: 71.9819s)
[09:43:26.068747] BRICK: ASTRAL UP @ 1687.88 (Dur: 300s)
[09:43:34.191647] BRICK: RECLTD UP @ 349.40 (Dur: 300s)
[09:43:37.017831] BRICK: ASHOKLEY UP @ 201.33 (Dur: 300s)
[09:43:38.819300] BRICK: MFSL DN @ 1741.04 (Dur: 300s)
[09:43:54.570560] BRICK: ZYDUSWELL UP @ 383.79 (Dur: 300s)
[09:44:03.422252] BRICK: PFC UP @ 423.36 (Dur: 300s)
[09:44:09.583287] BRICK: BHARAT UP @ 1347.85 (Dur: 135.160661s)
[09:44:10.020976] BRICK: ABB UP @ 5969.23 (Dur: 300s)
[09:44:20.067971] BRICK: COALINDIA UP @ 446.72 (Dur: 300s)
[09:44:24.115464] BRICK: MAHINDCIE DN @ 470.40 (Dur: 300s)
[09:44:27.718503] BRICK: TATACOMM UP @ 1474.53 (Dur: 217.038055s)
[09:44:37.921420] BRICK: BSE DN @ 2762.72 (Dur: 300s)
[09:44:44.069242] BRICK: INDIANB UP @ 951.95 (Dur: 300s)
[09:44:50.042673] BRICK: MAHINDCIE DN @ 468.55 (Dur: 25.927209s)
[09:44:55.777080] BRICK: MRF DN @ 140319.16 (Dur: 300s)
[09:44:56.220531] BRICK: POWERGRID UP @ 301.80 (Dur: 300s)
[09:45:01.931488] BRICK: RVNL UP @ 291.34 (Dur: 300s)
[09:45:02.669501] BRICK: MAHINDCIE DN @ 466.69 (Dur: 12.626828s)
[09:45:06.419417] BRICK: VEDL UP @ 715.54 (Dur: 300s)
[09:45:08.668219] BRICK: CAMS DN @ 654.50 (Dur: 245.391742s)
[09:45:22.318259] BRICK: PFC UP @ 424.99 (Dur: 78.896007s)
[09:45:22.837345] BRICK: JKBANK DN @ 121.61 (Dur: 300s)
[09:45:28.467177] BRICK: POONAWALLA DN @ 430.14 (Dur: 300s)
[09:45:30.419507] BRICK: COALINDIA UP @ 448.48 (Dur: 70.351536s)
[09:45:35.666633] BRICK: NIFTY PHARMA DN @ 23023.50 (Dur: 300s)
[09:45:40.166726] BRICK: MAZDOCK UP @ 2524.01 (Dur: 189.446549s)
[09:45:41.527220] BRICK: BEL UP @ 470.90 (Dur: 300s)
[09:45:41.969210] BRICK: MAHINDCIE UP @ 468.55 (Dur: 39.299709s)
[09:45:44.965878] BRICK: HAL UP @ 3962.66 (Dur: 300s)
[09:45:44.965878] BRICK: BHARAT UP @ 1353.27 (Dur: 95.382591s)
[09:45:48.268780] BRICK: MAHABANK UP @ 70.93 (Dur: 300s)
[09:45:48.718418] BRICK: HINDCOPPER UP @ 556.99 (Dur: 300s)
[09:45:48.864878] BRICK: IRFC UP @ 102.12 (Dur: 300s)
[09:45:49.329492] BRICK: DALBHARAT UP @ 193.16 (Dur: 300s)
[09:45:49.470974] BRICK: RVNL UP @ 292.48 (Dur: 47.539486s)
[09:45:54.414956] BRICK: CANBK UP @ 149.26 (Dur: 162.890088s)
[09:45:54.569358] BRICK: AUROPHARMA DN @ 1224.76 (Dur: 300s)
[09:45:59.670447] BRICK: MAZDOCK UP @ 2533.92 (Dur: 19.503721s)
[09:46:05.365486] BRICK: LUPIN DN @ 2345.38 (Dur: 230.468747s)
[09:46:07.915439] BRICK: NMDC UP @ 79.68 (Dur: 300s)
[09:46:09.272972] BRICK: MOIL UP @ 295.59 (Dur: 300s)
[09:46:10.497338] BRICK: ICICIPRULI DN @ 621.16 (Dur: 300s)
[09:46:11.301434] BRICK: BHEL UP @ 263.94 (Dur: 300s)
[09:46:12.736169] BRICK: MAZDOCK UP @ 2543.83 (Dur: 13.065722s)
[09:46:14.964701] BRICK: AXISBANK UP @ 1339.30 (Dur: 300s)
[09:46:18.582155] BRICK: SBILIFE UP @ 1934.78 (Dur: 300s)
[09:46:22.317138] BRICK: BIRLACORPN DN @ 876.74 (Dur: 247.796348s)
[09:46:25.014050] BRICK: TATACOMM UP @ 1480.41 (Dur: 117.295547s)
[09:46:27.415765] BRICK: BANKBARODA UP @ 298.75 (Dur: 300s)
[09:46:28.172930] BRICK: PNB UP @ 122.31 (Dur: 300s)
[09:46:39.430315] BRICK: LTIM DN @ 4349.85 (Dur: 300s)
[09:46:41.933612] BRICK: EIH UP @ 325.78 (Dur: 221.796916s)
[09:46:48.487025] BRICK: PFC DN @ 423.36 (Dur: 86.168766s)
[09:46:53.065006] BRICK: ICICIGI DN @ 1865.98 (Dur: 300s)
[09:46:56.064855] BRICK: NATCOPHARM DN @ 1016.17 (Dur: 300s)
[09:47:06.352154] BRICK: POONAWALLA DN @ 428.45 (Dur: 97.884977s)
[09:47:06.569328] BRICK: DIXON DN @ 10248.41 (Dur: 300s)
[09:47:07.164409] BRICK: ZOMATO DN @ 238.79 (Dur: 300s)
[09:47:10.177120] BRICK: ZYDUSWELL UP @ 385.31 (Dur: 195.60656s)
[09:47:19.029258] BRICK: LTTS DN @ 3263.85 (Dur: 300s)
[09:47:19.639791] BRICK: ERIS DN @ 1360.95 (Dur: 300s)
[09:47:19.639791] BRICK: DIVISLAB DN @ 6389.53 (Dur: 300s)
[09:47:28.014541] BRICK: SAIL UP @ 156.09 (Dur: 300s)
[09:47:31.194268] BRICK: MAZDOCK UP @ 2553.74 (Dur: 78.458099s)
[09:47:31.627858] BRICK: ELECON UP @ 416.89 (Dur: 259.348676s)
[09:47:37.672774] BRICK: ONGC DN @ 274.67 (Dur: 300s)
[09:47:50.513494] BRICK: ELECON UP @ 418.52 (Dur: 18.885636s)
[09:47:51.655475] BRICK: EIH DN @ 324.47 (Dur: 69.721863s)
[09:47:52.103717] BRICK: CUMMINSIND UP @ 4832.38 (Dur: 300s)
[09:47:53.681124] BRICK: THERMAX UP @ 3087.39 (Dur: 300s)
[09:47:54.567315] BRICK: BHARAT UP @ 1358.68 (Dur: 129.601437s)
[09:47:57.866879] BRICK: LALPATHLAB UP @ 1361.24 (Dur: 300s)
[09:47:57.866879] BRICK: LTFH UP @ 276.29 (Dur: 300s)
[09:48:16.352973] BRICK: INTELLECT UP @ 674.05 (Dur: 300s)
[09:48:25.913951] BRICK: RATNAMANI DN @ 2383.48 (Dur: 300s)
[09:48:30.566565] BRICK: APLAPOLLO UP @ 2179.15 (Dur: 300s)
[09:48:32.531406] BRICK: JSWENERGY UP @ 494.77 (Dur: 300s)
[09:48:37.931659] BRICK: SHOPERSTOP UP @ 308.12 (Dur: 300s)
[09:48:41.022200] BRICK: ELECON UP @ 420.16 (Dur: 50.508706s)
[09:48:48.427809] BRICK: EQUITASBNK DN @ 60.08 (Dur: 300s)
[09:48:49.314475] BRICK: ADANITRANS UP @ 1000.34 (Dur: 300s)
[09:48:54.420869] BRICK: DCBBANK UP @ 175.82 (Dur: 300s)
[09:48:57.571443] BRICK: PNBHOUSING UP @ 797.85 (Dur: 300s)
[09:49:08.817948] BRICK: NTPC UP @ 385.47 (Dur: 300s)
[09:49:10.774585] BRICK: MAZDOCK DN @ 2543.83 (Dur: 99.580317s)
[09:49:14.366430] BRICK: AXISBANK DN @ 1334.03 (Dur: 179.401729s)
[09:49:17.382205] BRICK: MAZDOCK DN @ 2533.92 (Dur: 6.60762s)
[09:49:39.723402] BRICK: AARTIIND UP @ 423.52 (Dur: 300s)
[09:49:45.264359] BRICK: COALINDIA DN @ 446.72 (Dur: 254.844852s)
[09:49:51.283850] BRICK: MAZDOCK UP @ 2543.83 (Dur: 33.901645s)
[09:49:51.283850] INFERENCE: MAZDOCK | Brain1 (PROB): 0.7025 | Brain2 (CONV): 2.5 | Signal: SHORT
[09:49:51.283850] [DROP] MAZDOCK: Low Conv (2.45 < 20)
[09:49:52.612995] BRICK: RVNL DN @ 291.34 (Dur: 243.142021s)
[09:50:01.858412] BRICK: WELCORP DN @ 823.44 (Dur: 300s)
[09:50:05.662585] BRICK: ABB UP @ 5993.48 (Dur: 300s)
[09:50:07.172367] BRICK: RADICO DN @ 2541.42 (Dur: 300s)
[09:50:11.210796] BRICK: HINDALCO UP @ 955.82 (Dur: 300s)
[09:50:17.076231] BRICK: BAJAJ-AUTO UP @ 9788.13 (Dur: 300s)
[09:50:19.612678] BRICK: MAZDOCK UP @ 2553.74 (Dur: 28.328828s)
[09:50:19.612678] INFERENCE: MAZDOCK | Brain1 (PROB): 0.7469 | Brain2 (CONV): 3.2 | Signal: SHORT
[09:50:19.612678] [DROP] MAZDOCK: Low Conv (3.19 < 20)
[09:50:22.918138] BRICK: RVNL UP @ 292.48 (Dur: 30.305143s)
[09:50:24.592374] BRICK: ITC DN @ 310.62 (Dur: 300s)
[09:50:25.513384] BRICK: DCBBANK UP @ 176.50 (Dur: 91.092515s)
[09:50:36.413301] BRICK: MUTHOOTFIN DN @ 3289.28 (Dur: 300s)
[09:50:37.909558] BRICK: NMDC UP @ 80.00 (Dur: 269.994119s)
[09:50:42.673614] BRICK: MRF UP @ 140873.72 (Dur: 300s)
[09:50:46.772112] BRICK: PERSISTENT UP @ 4791.09 (Dur: 300s)
[09:50:47.811885] BRICK: ONGC DN @ 273.55 (Dur: 190.139111s)
[09:50:52.016590] BRICK: PFC DN @ 421.73 (Dur: 243.529565s)
[09:50:55.310529] BRICK: IOC DN @ 169.66 (Dur: 300s)
[09:51:01.341897] BRICK: BAJAJCON DN @ 366.51 (Dur: 300s)
[09:51:01.612309] BRICK: TATAELXSI DN @ 4463.42 (Dur: 300s)
[09:51:01.917025] BRICK: DALBHARAT UP @ 193.92 (Dur: 300s)
[09:51:08.961594] BRICK: JUBLFOOD DN @ 497.98 (Dur: 300s)
[09:51:10.158385] BRICK: SUNPHARMA DN @ 1777.06 (Dur: 300s)
[09:51:11.816159] BRICK: ABB UP @ 6017.73 (Dur: 66.153574s)
[09:51:12.899842] BRICK: ELECON DN @ 418.52 (Dur: 151.877642s)
[09:51:22.020128] BRICK: BHARAT UP @ 1364.10 (Dur: 207.452813s)
[09:51:34.910650] BRICK: SHOPERSTOP UP @ 309.36 (Dur: 176.978991s)
[09:51:39.768505] BRICK: JBCHEPHARM DN @ 2057.77 (Dur: 300s)
[09:51:40.309291] BRICK: YESBANK UP @ 20.43 (Dur: 300s)
[09:51:41.709483] BRICK: HUDCO UP @ 181.60 (Dur: 300s)
[09:51:41.842809] BRICK: NATIONALUM UP @ 393.65 (Dur: 300s)
[09:51:44.517744] BRICK: KALPATPOWR UP @ 1134.71 (Dur: 300s)
[09:51:44.811929] BRICK: AJANTPHARM DN @ 3005.40 (Dur: 300s)
[09:51:45.749440] BRICK: IPCA UP @ 1519.13 (Dur: 300s)
[09:51:56.369296] BRICK: ELECON UP @ 420.16 (Dur: 43.469454s)
[09:52:03.259558] BRICK: VEDANTFASH DN @ 375.47 (Dur: 300s)
Traceback (most recent call last):
  File "C:\Trading Platform\Advance Trading Model\offline_spoofer.py", line 341, in <module>
    run_offline_spoofer(Path(args.file))
    ~~~~~~~~~~~~~~~~~~~^^^^^^^^^^^^^^^^^
  File "C:\Trading Platform\Advance Trading Model\offline_spoofer.py", line 147, in run_offline_spoofer
    now_minute = f"{now.hour:02d}:{now.minute:02d}"
                   ^^^^^^^^^^^^^^
KeyboardInterrupt
^C